2020-04-11 14:32:12,578 INFO 2723 [Timer] /Users/tianjing/Desktop/courses/笔记/21课 基于Koa定制自己的企业级MVC框架  （2019.6.22）/node-server-master/egg-server/node_modules/_egg-multipart@2.10.2@egg-multipart/app/schedule/clean_tmpdir.js next time will execute after 50267428ms at 2020-04-12 04:30:00.006
2020-04-11 14:32:12,578 INFO 2723 [Timer] /Users/tianjing/Desktop/courses/笔记/21课 基于Koa定制自己的企业级MVC框架  （2019.6.22）/node-server-master/egg-server/node_modules/_egg-logrotator@3.1.0@egg-logrotator/app/schedule/clean_log.js next time will execute after 34067422ms at 2020-04-12 00:00:00.000
2020-04-11 14:32:12,579 INFO 2723 [Timer] /Users/tianjing/Desktop/courses/笔记/21课 基于Koa定制自己的企业级MVC框架  （2019.6.22）/node-server-master/egg-server/node_modules/_egg-logrotator@3.1.0@egg-logrotator/app/schedule/rotate_by_file.js next time will execute after 34068422ms at 2020-04-12 00:00:01.001
2020-04-11 14:32:12,418 INFO 2724 [egg-schedule]: register schedule /Users/tianjing/Desktop/courses/笔记/21课 基于Koa定制自己的企业级MVC框架  （2019.6.22）/node-server-master/egg-server/node_modules/_egg-multipart@2.10.2@egg-multipart/app/schedule/clean_tmpdir.js
2020-04-11 14:32:12,418 INFO 2724 [egg-schedule]: register schedule /Users/tianjing/Desktop/courses/笔记/21课 基于Koa定制自己的企业级MVC框架  （2019.6.22）/node-server-master/egg-server/node_modules/_egg-logrotator@3.1.0@egg-logrotator/app/schedule/clean_log.js
2020-04-11 14:32:12,418 INFO 2724 [egg-schedule]: register schedule /Users/tianjing/Desktop/courses/笔记/21课 基于Koa定制自己的企业级MVC框架  （2019.6.22）/node-server-master/egg-server/node_modules/_egg-logrotator@3.1.0@egg-logrotator/app/schedule/rotate_by_file.js
2020-04-11 14:49:41,009 INFO 2959 [Timer] /Users/tianjing/Desktop/courses/笔记/22课 egg实战 （2019.6.25）/egg-server-pra/node_modules/_egg-multipart@2.10.2@egg-multipart/app/schedule/clean_tmpdir.js next time will execute after 49218995ms at 2020-04-12 04:30:00.004
2020-04-11 14:49:41,010 INFO 2959 [Timer] /Users/tianjing/Desktop/courses/笔记/22课 egg实战 （2019.6.25）/egg-server-pra/node_modules/_egg-logrotator@3.1.0@egg-logrotator/app/schedule/clean_log.js next time will execute after 33018990ms at 2020-04-12 00:00:00.000
2020-04-11 14:49:41,011 INFO 2959 [Timer] /Users/tianjing/Desktop/courses/笔记/22课 egg实战 （2019.6.25）/egg-server-pra/node_modules/_egg-logrotator@3.1.0@egg-logrotator/app/schedule/rotate_by_file.js next time will execute after 33019990ms at 2020-04-12 00:00:01.001
2020-04-11 14:49:40,855 INFO 2960 [egg-schedule]: register schedule /Users/tianjing/Desktop/courses/笔记/22课 egg实战 （2019.6.25）/egg-server-pra/node_modules/_egg-multipart@2.10.2@egg-multipart/app/schedule/clean_tmpdir.js
2020-04-11 14:49:40,855 INFO 2960 [egg-schedule]: register schedule /Users/tianjing/Desktop/courses/笔记/22课 egg实战 （2019.6.25）/egg-server-pra/node_modules/_egg-logrotator@3.1.0@egg-logrotator/app/schedule/clean_log.js
2020-04-11 14:49:40,855 INFO 2960 [egg-schedule]: register schedule /Users/tianjing/Desktop/courses/笔记/22课 egg实战 （2019.6.25）/egg-server-pra/node_modules/_egg-logrotator@3.1.0@egg-logrotator/app/schedule/rotate_by_file.js
2020-04-11 15:22:04,524 INFO 3426 [egg-schedule]: register schedule /Users/tianjing/Desktop/courses/笔记/22课 egg实战 （2019.6.25）/egg-server-pra/node_modules/_egg-multipart@2.10.2@egg-multipart/app/schedule/clean_tmpdir.js
2020-04-11 15:22:04,524 INFO 3426 [egg-schedule]: register schedule /Users/tianjing/Desktop/courses/笔记/22课 egg实战 （2019.6.25）/egg-server-pra/node_modules/_egg-logrotator@3.1.0@egg-logrotator/app/schedule/clean_log.js
2020-04-11 15:22:04,524 INFO 3426 [egg-schedule]: register schedule /Users/tianjing/Desktop/courses/笔记/22课 egg实战 （2019.6.25）/egg-server-pra/node_modules/_egg-logrotator@3.1.0@egg-logrotator/app/schedule/rotate_by_file.js
2020-04-11 15:22:05,823 INFO 3427 [egg-schedule]: register schedule /Users/tianjing/Desktop/courses/笔记/22课 egg实战 （2019.6.25）/egg-server-pra/node_modules/_egg-multipart@2.10.2@egg-multipart/app/schedule/clean_tmpdir.js
2020-04-11 15:22:05,823 INFO 3427 [egg-schedule]: register schedule /Users/tianjing/Desktop/courses/笔记/22课 egg实战 （2019.6.25）/egg-server-pra/node_modules/_egg-logrotator@3.1.0@egg-logrotator/app/schedule/clean_log.js
2020-04-11 15:22:05,823 INFO 3427 [egg-schedule]: register schedule /Users/tianjing/Desktop/courses/笔记/22课 egg实战 （2019.6.25）/egg-server-pra/node_modules/_egg-logrotator@3.1.0@egg-logrotator/app/schedule/rotate_by_file.js
2020-04-11 22:20:04,711 INFO 5200 [egg-schedule]: register schedule /Users/tianjing/Desktop/courses/笔记/22课 egg实战 （2019.6.25）/egg-server-pra/node_modules/_egg-multipart@2.10.2@egg-multipart/app/schedule/clean_tmpdir.js
2020-04-11 22:20:04,711 INFO 5200 [egg-schedule]: register schedule /Users/tianjing/Desktop/courses/笔记/22课 egg实战 （2019.6.25）/egg-server-pra/node_modules/_egg-logrotator@3.1.0@egg-logrotator/app/schedule/clean_log.js
2020-04-11 22:20:04,711 INFO 5200 [egg-schedule]: register schedule /Users/tianjing/Desktop/courses/笔记/22课 egg实战 （2019.6.25）/egg-server-pra/node_modules/_egg-logrotator@3.1.0@egg-logrotator/app/schedule/rotate_by_file.js
2020-04-11 22:27:02,120 INFO 5238 [egg-schedule]: register schedule /Users/tianjing/Desktop/courses/笔记/22课 egg实战 （2019.6.25）/egg-server-pra/node_modules/_egg-multipart@2.10.2@egg-multipart/app/schedule/clean_tmpdir.js
2020-04-11 22:27:02,121 INFO 5238 [egg-schedule]: register schedule /Users/tianjing/Desktop/courses/笔记/22课 egg实战 （2019.6.25）/egg-server-pra/node_modules/_egg-logrotator@3.1.0@egg-logrotator/app/schedule/clean_log.js
2020-04-11 22:27:02,121 INFO 5238 [egg-schedule]: register schedule /Users/tianjing/Desktop/courses/笔记/22课 egg实战 （2019.6.25）/egg-server-pra/node_modules/_egg-logrotator@3.1.0@egg-logrotator/app/schedule/rotate_by_file.js
2020-04-11 22:27:47,155 INFO 5243 [egg-schedule]: register schedule /Users/tianjing/Desktop/courses/笔记/22课 egg实战 （2019.6.25）/egg-server-pra/node_modules/_egg-multipart@2.10.2@egg-multipart/app/schedule/clean_tmpdir.js
2020-04-11 22:27:47,155 INFO 5243 [egg-schedule]: register schedule /Users/tianjing/Desktop/courses/笔记/22课 egg实战 （2019.6.25）/egg-server-pra/node_modules/_egg-logrotator@3.1.0@egg-logrotator/app/schedule/clean_log.js
2020-04-11 22:27:47,155 INFO 5243 [egg-schedule]: register schedule /Users/tianjing/Desktop/courses/笔记/22课 egg实战 （2019.6.25）/egg-server-pra/node_modules/_egg-logrotator@3.1.0@egg-logrotator/app/schedule/rotate_by_file.js
2020-04-11 22:27:48,240 INFO 5244 [egg-schedule]: register schedule /Users/tianjing/Desktop/courses/笔记/22课 egg实战 （2019.6.25）/egg-server-pra/node_modules/_egg-multipart@2.10.2@egg-multipart/app/schedule/clean_tmpdir.js
2020-04-11 22:27:48,240 INFO 5244 [egg-schedule]: register schedule /Users/tianjing/Desktop/courses/笔记/22课 egg实战 （2019.6.25）/egg-server-pra/node_modules/_egg-logrotator@3.1.0@egg-logrotator/app/schedule/clean_log.js
2020-04-11 22:27:48,240 INFO 5244 [egg-schedule]: register schedule /Users/tianjing/Desktop/courses/笔记/22课 egg实战 （2019.6.25）/egg-server-pra/node_modules/_egg-logrotator@3.1.0@egg-logrotator/app/schedule/rotate_by_file.js
2020-04-11 22:28:23,263 INFO 5247 [egg-schedule]: register schedule /Users/tianjing/Desktop/courses/笔记/22课 egg实战 （2019.6.25）/egg-server-pra/node_modules/_egg-multipart@2.10.2@egg-multipart/app/schedule/clean_tmpdir.js
2020-04-11 22:28:23,263 INFO 5247 [egg-schedule]: register schedule /Users/tianjing/Desktop/courses/笔记/22课 egg实战 （2019.6.25）/egg-server-pra/node_modules/_egg-logrotator@3.1.0@egg-logrotator/app/schedule/clean_log.js
2020-04-11 22:28:23,263 INFO 5247 [egg-schedule]: register schedule /Users/tianjing/Desktop/courses/笔记/22课 egg实战 （2019.6.25）/egg-server-pra/node_modules/_egg-logrotator@3.1.0@egg-logrotator/app/schedule/rotate_by_file.js
2020-04-11 22:29:04,679 INFO 5253 [egg-schedule]: register schedule /Users/tianjing/Desktop/courses/笔记/22课 egg实战 （2019.6.25）/egg-server-pra/node_modules/_egg-multipart@2.10.2@egg-multipart/app/schedule/clean_tmpdir.js
2020-04-11 22:29:04,679 INFO 5253 [egg-schedule]: register schedule /Users/tianjing/Desktop/courses/笔记/22课 egg实战 （2019.6.25）/egg-server-pra/node_modules/_egg-logrotator@3.1.0@egg-logrotator/app/schedule/clean_log.js
2020-04-11 22:29:04,679 INFO 5253 [egg-schedule]: register schedule /Users/tianjing/Desktop/courses/笔记/22课 egg实战 （2019.6.25）/egg-server-pra/node_modules/_egg-logrotator@3.1.0@egg-logrotator/app/schedule/rotate_by_file.js
2020-04-11 22:30:48,983 INFO 5261 [egg-schedule]: register schedule /Users/tianjing/Desktop/courses/笔记/22课 egg实战 （2019.6.25）/egg-server-pra/node_modules/_egg-multipart@2.10.2@egg-multipart/app/schedule/clean_tmpdir.js
2020-04-11 22:30:48,983 INFO 5261 [egg-schedule]: register schedule /Users/tianjing/Desktop/courses/笔记/22课 egg实战 （2019.6.25）/egg-server-pra/node_modules/_egg-logrotator@3.1.0@egg-logrotator/app/schedule/clean_log.js
2020-04-11 22:30:48,983 INFO 5261 [egg-schedule]: register schedule /Users/tianjing/Desktop/courses/笔记/22课 egg实战 （2019.6.25）/egg-server-pra/node_modules/_egg-logrotator@3.1.0@egg-logrotator/app/schedule/rotate_by_file.js
2020-04-11 22:30:52,690 INFO 5263 [egg-schedule]: register schedule /Users/tianjing/Desktop/courses/笔记/22课 egg实战 （2019.6.25）/egg-server-pra/node_modules/_egg-multipart@2.10.2@egg-multipart/app/schedule/clean_tmpdir.js
2020-04-11 22:30:52,690 INFO 5263 [egg-schedule]: register schedule /Users/tianjing/Desktop/courses/笔记/22课 egg实战 （2019.6.25）/egg-server-pra/node_modules/_egg-logrotator@3.1.0@egg-logrotator/app/schedule/clean_log.js
2020-04-11 22:30:52,690 INFO 5263 [egg-schedule]: register schedule /Users/tianjing/Desktop/courses/笔记/22课 egg实战 （2019.6.25）/egg-server-pra/node_modules/_egg-logrotator@3.1.0@egg-logrotator/app/schedule/rotate_by_file.js
2020-04-11 22:31:05,172 INFO 5266 [egg-schedule]: register schedule /Users/tianjing/Desktop/courses/笔记/22课 egg实战 （2019.6.25）/egg-server-pra/node_modules/_egg-multipart@2.10.2@egg-multipart/app/schedule/clean_tmpdir.js
2020-04-11 22:31:05,172 INFO 5266 [egg-schedule]: register schedule /Users/tianjing/Desktop/courses/笔记/22课 egg实战 （2019.6.25）/egg-server-pra/node_modules/_egg-logrotator@3.1.0@egg-logrotator/app/schedule/clean_log.js
2020-04-11 22:31:05,172 INFO 5266 [egg-schedule]: register schedule /Users/tianjing/Desktop/courses/笔记/22课 egg实战 （2019.6.25）/egg-server-pra/node_modules/_egg-logrotator@3.1.0@egg-logrotator/app/schedule/rotate_by_file.js
2020-04-11 22:31:06,309 INFO 5268 [egg-schedule]: register schedule /Users/tianjing/Desktop/courses/笔记/22课 egg实战 （2019.6.25）/egg-server-pra/node_modules/_egg-multipart@2.10.2@egg-multipart/app/schedule/clean_tmpdir.js
2020-04-11 22:31:06,309 INFO 5268 [egg-schedule]: register schedule /Users/tianjing/Desktop/courses/笔记/22课 egg实战 （2019.6.25）/egg-server-pra/node_modules/_egg-logrotator@3.1.0@egg-logrotator/app/schedule/clean_log.js
2020-04-11 22:31:06,309 INFO 5268 [egg-schedule]: register schedule /Users/tianjing/Desktop/courses/笔记/22课 egg实战 （2019.6.25）/egg-server-pra/node_modules/_egg-logrotator@3.1.0@egg-logrotator/app/schedule/rotate_by_file.js
2020-04-11 22:32:01,094 INFO 5278 [egg-schedule]: register schedule /Users/tianjing/Desktop/courses/笔记/22课 egg实战 （2019.6.25）/egg-server-pra/node_modules/_egg-multipart@2.10.2@egg-multipart/app/schedule/clean_tmpdir.js
2020-04-11 22:32:01,094 INFO 5278 [egg-schedule]: register schedule /Users/tianjing/Desktop/courses/笔记/22课 egg实战 （2019.6.25）/egg-server-pra/node_modules/_egg-logrotator@3.1.0@egg-logrotator/app/schedule/clean_log.js
2020-04-11 22:32:01,094 INFO 5278 [egg-schedule]: register schedule /Users/tianjing/Desktop/courses/笔记/22课 egg实战 （2019.6.25）/egg-server-pra/node_modules/_egg-logrotator@3.1.0@egg-logrotator/app/schedule/rotate_by_file.js
2020-04-11 22:33:52,188 INFO 5291 [egg-schedule]: register schedule /Users/tianjing/Desktop/courses/笔记/22课 egg实战 （2019.6.25）/egg-server-pra/node_modules/_egg-multipart@2.10.2@egg-multipart/app/schedule/clean_tmpdir.js
2020-04-11 22:33:52,188 INFO 5291 [egg-schedule]: register schedule /Users/tianjing/Desktop/courses/笔记/22课 egg实战 （2019.6.25）/egg-server-pra/node_modules/_egg-logrotator@3.1.0@egg-logrotator/app/schedule/clean_log.js
2020-04-11 22:33:52,188 INFO 5291 [egg-schedule]: register schedule /Users/tianjing/Desktop/courses/笔记/22课 egg实战 （2019.6.25）/egg-server-pra/node_modules/_egg-logrotator@3.1.0@egg-logrotator/app/schedule/rotate_by_file.js
2020-04-11 22:33:53,285 INFO 5292 [egg-schedule]: register schedule /Users/tianjing/Desktop/courses/笔记/22课 egg实战 （2019.6.25）/egg-server-pra/node_modules/_egg-multipart@2.10.2@egg-multipart/app/schedule/clean_tmpdir.js
2020-04-11 22:33:53,285 INFO 5292 [egg-schedule]: register schedule /Users/tianjing/Desktop/courses/笔记/22课 egg实战 （2019.6.25）/egg-server-pra/node_modules/_egg-logrotator@3.1.0@egg-logrotator/app/schedule/clean_log.js
2020-04-11 22:33:53,285 INFO 5292 [egg-schedule]: register schedule /Users/tianjing/Desktop/courses/笔记/22课 egg实战 （2019.6.25）/egg-server-pra/node_modules/_egg-logrotator@3.1.0@egg-logrotator/app/schedule/rotate_by_file.js
2020-04-11 22:33:58,507 INFO 5293 [egg-schedule]: register schedule /Users/tianjing/Desktop/courses/笔记/22课 egg实战 （2019.6.25）/egg-server-pra/node_modules/_egg-multipart@2.10.2@egg-multipart/app/schedule/clean_tmpdir.js
2020-04-11 22:33:58,507 INFO 5293 [egg-schedule]: register schedule /Users/tianjing/Desktop/courses/笔记/22课 egg实战 （2019.6.25）/egg-server-pra/node_modules/_egg-logrotator@3.1.0@egg-logrotator/app/schedule/clean_log.js
2020-04-11 22:33:58,507 INFO 5293 [egg-schedule]: register schedule /Users/tianjing/Desktop/courses/笔记/22课 egg实战 （2019.6.25）/egg-server-pra/node_modules/_egg-logrotator@3.1.0@egg-logrotator/app/schedule/rotate_by_file.js
2020-04-11 22:33:59,431 INFO 5294 [egg-schedule]: register schedule /Users/tianjing/Desktop/courses/笔记/22课 egg实战 （2019.6.25）/egg-server-pra/node_modules/_egg-multipart@2.10.2@egg-multipart/app/schedule/clean_tmpdir.js
2020-04-11 22:33:59,431 INFO 5294 [egg-schedule]: register schedule /Users/tianjing/Desktop/courses/笔记/22课 egg实战 （2019.6.25）/egg-server-pra/node_modules/_egg-logrotator@3.1.0@egg-logrotator/app/schedule/clean_log.js
2020-04-11 22:33:59,431 INFO 5294 [egg-schedule]: register schedule /Users/tianjing/Desktop/courses/笔记/22课 egg实战 （2019.6.25）/egg-server-pra/node_modules/_egg-logrotator@3.1.0@egg-logrotator/app/schedule/rotate_by_file.js
2020-04-11 22:34:00,652 INFO 5295 [egg-schedule]: register schedule /Users/tianjing/Desktop/courses/笔记/22课 egg实战 （2019.6.25）/egg-server-pra/node_modules/_egg-multipart@2.10.2@egg-multipart/app/schedule/clean_tmpdir.js
2020-04-11 22:34:00,652 INFO 5295 [egg-schedule]: register schedule /Users/tianjing/Desktop/courses/笔记/22课 egg实战 （2019.6.25）/egg-server-pra/node_modules/_egg-logrotator@3.1.0@egg-logrotator/app/schedule/clean_log.js
2020-04-11 22:34:00,652 INFO 5295 [egg-schedule]: register schedule /Users/tianjing/Desktop/courses/笔记/22课 egg实战 （2019.6.25）/egg-server-pra/node_modules/_egg-logrotator@3.1.0@egg-logrotator/app/schedule/rotate_by_file.js
2020-04-11 22:34:00,721 INFO 5296 [egg-schedule]: register schedule /Users/tianjing/Desktop/courses/笔记/22课 egg实战 （2019.6.25）/egg-server-pra/node_modules/_egg-multipart@2.10.2@egg-multipart/app/schedule/clean_tmpdir.js
2020-04-11 22:34:00,721 INFO 5296 [egg-schedule]: register schedule /Users/tianjing/Desktop/courses/笔记/22课 egg实战 （2019.6.25）/egg-server-pra/node_modules/_egg-logrotator@3.1.0@egg-logrotator/app/schedule/clean_log.js
2020-04-11 22:34:00,721 INFO 5296 [egg-schedule]: register schedule /Users/tianjing/Desktop/courses/笔记/22课 egg实战 （2019.6.25）/egg-server-pra/node_modules/_egg-logrotator@3.1.0@egg-logrotator/app/schedule/rotate_by_file.js
2020-04-11 22:34:03,855 INFO 5297 [egg-schedule]: register schedule /Users/tianjing/Desktop/courses/笔记/22课 egg实战 （2019.6.25）/egg-server-pra/node_modules/_egg-multipart@2.10.2@egg-multipart/app/schedule/clean_tmpdir.js
2020-04-11 22:34:03,855 INFO 5297 [egg-schedule]: register schedule /Users/tianjing/Desktop/courses/笔记/22课 egg实战 （2019.6.25）/egg-server-pra/node_modules/_egg-logrotator@3.1.0@egg-logrotator/app/schedule/clean_log.js
2020-04-11 22:34:03,855 INFO 5297 [egg-schedule]: register schedule /Users/tianjing/Desktop/courses/笔记/22课 egg实战 （2019.6.25）/egg-server-pra/node_modules/_egg-logrotator@3.1.0@egg-logrotator/app/schedule/rotate_by_file.js
2020-04-11 22:34:11,418 INFO 5298 [egg-schedule]: register schedule /Users/tianjing/Desktop/courses/笔记/22课 egg实战 （2019.6.25）/egg-server-pra/node_modules/_egg-multipart@2.10.2@egg-multipart/app/schedule/clean_tmpdir.js
2020-04-11 22:34:11,418 INFO 5298 [egg-schedule]: register schedule /Users/tianjing/Desktop/courses/笔记/22课 egg实战 （2019.6.25）/egg-server-pra/node_modules/_egg-logrotator@3.1.0@egg-logrotator/app/schedule/clean_log.js
2020-04-11 22:34:11,418 INFO 5298 [egg-schedule]: register schedule /Users/tianjing/Desktop/courses/笔记/22课 egg实战 （2019.6.25）/egg-server-pra/node_modules/_egg-logrotator@3.1.0@egg-logrotator/app/schedule/rotate_by_file.js
2020-04-11 22:34:13,918 INFO 5299 [egg-schedule]: register schedule /Users/tianjing/Desktop/courses/笔记/22课 egg实战 （2019.6.25）/egg-server-pra/node_modules/_egg-multipart@2.10.2@egg-multipart/app/schedule/clean_tmpdir.js
2020-04-11 22:34:13,918 INFO 5299 [egg-schedule]: register schedule /Users/tianjing/Desktop/courses/笔记/22课 egg实战 （2019.6.25）/egg-server-pra/node_modules/_egg-logrotator@3.1.0@egg-logrotator/app/schedule/clean_log.js
2020-04-11 22:34:13,918 INFO 5299 [egg-schedule]: register schedule /Users/tianjing/Desktop/courses/笔记/22课 egg实战 （2019.6.25）/egg-server-pra/node_modules/_egg-logrotator@3.1.0@egg-logrotator/app/schedule/rotate_by_file.js
2020-04-11 22:34:21,290 INFO 5300 [egg-schedule]: register schedule /Users/tianjing/Desktop/courses/笔记/22课 egg实战 （2019.6.25）/egg-server-pra/node_modules/_egg-multipart@2.10.2@egg-multipart/app/schedule/clean_tmpdir.js
2020-04-11 22:34:21,290 INFO 5300 [egg-schedule]: register schedule /Users/tianjing/Desktop/courses/笔记/22课 egg实战 （2019.6.25）/egg-server-pra/node_modules/_egg-logrotator@3.1.0@egg-logrotator/app/schedule/clean_log.js
2020-04-11 22:34:21,290 INFO 5300 [egg-schedule]: register schedule /Users/tianjing/Desktop/courses/笔记/22课 egg实战 （2019.6.25）/egg-server-pra/node_modules/_egg-logrotator@3.1.0@egg-logrotator/app/schedule/rotate_by_file.js
2020-04-11 22:34:27,663 INFO 5303 [egg-schedule]: register schedule /Users/tianjing/Desktop/courses/笔记/22课 egg实战 （2019.6.25）/egg-server-pra/node_modules/_egg-multipart@2.10.2@egg-multipart/app/schedule/clean_tmpdir.js
2020-04-11 22:34:27,663 INFO 5303 [egg-schedule]: register schedule /Users/tianjing/Desktop/courses/笔记/22课 egg实战 （2019.6.25）/egg-server-pra/node_modules/_egg-logrotator@3.1.0@egg-logrotator/app/schedule/clean_log.js
2020-04-11 22:34:27,663 INFO 5303 [egg-schedule]: register schedule /Users/tianjing/Desktop/courses/笔记/22课 egg实战 （2019.6.25）/egg-server-pra/node_modules/_egg-logrotator@3.1.0@egg-logrotator/app/schedule/rotate_by_file.js
2020-04-11 22:34:58,213 INFO 5307 [egg-schedule]: register schedule /Users/tianjing/Desktop/courses/笔记/22课 egg实战 （2019.6.25）/egg-server-pra/node_modules/_egg-multipart@2.10.2@egg-multipart/app/schedule/clean_tmpdir.js
2020-04-11 22:34:58,213 INFO 5307 [egg-schedule]: register schedule /Users/tianjing/Desktop/courses/笔记/22课 egg实战 （2019.6.25）/egg-server-pra/node_modules/_egg-logrotator@3.1.0@egg-logrotator/app/schedule/clean_log.js
2020-04-11 22:34:58,213 INFO 5307 [egg-schedule]: register schedule /Users/tianjing/Desktop/courses/笔记/22课 egg实战 （2019.6.25）/egg-server-pra/node_modules/_egg-logrotator@3.1.0@egg-logrotator/app/schedule/rotate_by_file.js
2020-04-11 22:36:23,068 INFO 5320 [egg-schedule]: register schedule /Users/tianjing/Desktop/courses/笔记/22课 egg实战 （2019.6.25）/egg-server-pra/node_modules/_egg-multipart@2.10.2@egg-multipart/app/schedule/clean_tmpdir.js
2020-04-11 22:36:23,068 INFO 5320 [egg-schedule]: register schedule /Users/tianjing/Desktop/courses/笔记/22课 egg实战 （2019.6.25）/egg-server-pra/node_modules/_egg-logrotator@3.1.0@egg-logrotator/app/schedule/clean_log.js
2020-04-11 22:36:23,068 INFO 5320 [egg-schedule]: register schedule /Users/tianjing/Desktop/courses/笔记/22课 egg实战 （2019.6.25）/egg-server-pra/node_modules/_egg-logrotator@3.1.0@egg-logrotator/app/schedule/rotate_by_file.js
2020-04-11 22:36:25,185 INFO 5321 [egg-schedule]: register schedule /Users/tianjing/Desktop/courses/笔记/22课 egg实战 （2019.6.25）/egg-server-pra/node_modules/_egg-multipart@2.10.2@egg-multipart/app/schedule/clean_tmpdir.js
2020-04-11 22:36:25,185 INFO 5321 [egg-schedule]: register schedule /Users/tianjing/Desktop/courses/笔记/22课 egg实战 （2019.6.25）/egg-server-pra/node_modules/_egg-logrotator@3.1.0@egg-logrotator/app/schedule/clean_log.js
2020-04-11 22:36:25,185 INFO 5321 [egg-schedule]: register schedule /Users/tianjing/Desktop/courses/笔记/22课 egg实战 （2019.6.25）/egg-server-pra/node_modules/_egg-logrotator@3.1.0@egg-logrotator/app/schedule/rotate_by_file.js
2020-04-11 22:37:00,164 INFO 5326 [egg-schedule]: register schedule /Users/tianjing/Desktop/courses/笔记/22课 egg实战 （2019.6.25）/egg-server-pra/node_modules/_egg-multipart@2.10.2@egg-multipart/app/schedule/clean_tmpdir.js
2020-04-11 22:37:00,164 INFO 5326 [egg-schedule]: register schedule /Users/tianjing/Desktop/courses/笔记/22课 egg实战 （2019.6.25）/egg-server-pra/node_modules/_egg-logrotator@3.1.0@egg-logrotator/app/schedule/clean_log.js
2020-04-11 22:37:00,164 INFO 5326 [egg-schedule]: register schedule /Users/tianjing/Desktop/courses/笔记/22课 egg实战 （2019.6.25）/egg-server-pra/node_modules/_egg-logrotator@3.1.0@egg-logrotator/app/schedule/rotate_by_file.js
2020-04-11 22:37:01,407 INFO 5328 [egg-schedule]: register schedule /Users/tianjing/Desktop/courses/笔记/22课 egg实战 （2019.6.25）/egg-server-pra/node_modules/_egg-multipart@2.10.2@egg-multipart/app/schedule/clean_tmpdir.js
2020-04-11 22:37:01,407 INFO 5328 [egg-schedule]: register schedule /Users/tianjing/Desktop/courses/笔记/22课 egg实战 （2019.6.25）/egg-server-pra/node_modules/_egg-logrotator@3.1.0@egg-logrotator/app/schedule/clean_log.js
2020-04-11 22:37:01,407 INFO 5328 [egg-schedule]: register schedule /Users/tianjing/Desktop/courses/笔记/22课 egg实战 （2019.6.25）/egg-server-pra/node_modules/_egg-logrotator@3.1.0@egg-logrotator/app/schedule/rotate_by_file.js
2020-04-11 22:37:07,721 INFO 5329 [egg-schedule]: register schedule /Users/tianjing/Desktop/courses/笔记/22课 egg实战 （2019.6.25）/egg-server-pra/node_modules/_egg-multipart@2.10.2@egg-multipart/app/schedule/clean_tmpdir.js
2020-04-11 22:37:07,721 INFO 5329 [egg-schedule]: register schedule /Users/tianjing/Desktop/courses/笔记/22课 egg实战 （2019.6.25）/egg-server-pra/node_modules/_egg-logrotator@3.1.0@egg-logrotator/app/schedule/clean_log.js
2020-04-11 22:37:07,721 INFO 5329 [egg-schedule]: register schedule /Users/tianjing/Desktop/courses/笔记/22课 egg实战 （2019.6.25）/egg-server-pra/node_modules/_egg-logrotator@3.1.0@egg-logrotator/app/schedule/rotate_by_file.js
2020-04-11 22:37:26,639 INFO 5330 [egg-schedule]: register schedule /Users/tianjing/Desktop/courses/笔记/22课 egg实战 （2019.6.25）/egg-server-pra/node_modules/_egg-multipart@2.10.2@egg-multipart/app/schedule/clean_tmpdir.js
2020-04-11 22:37:26,639 INFO 5330 [egg-schedule]: register schedule /Users/tianjing/Desktop/courses/笔记/22课 egg实战 （2019.6.25）/egg-server-pra/node_modules/_egg-logrotator@3.1.0@egg-logrotator/app/schedule/clean_log.js
2020-04-11 22:37:26,639 INFO 5330 [egg-schedule]: register schedule /Users/tianjing/Desktop/courses/笔记/22课 egg实战 （2019.6.25）/egg-server-pra/node_modules/_egg-logrotator@3.1.0@egg-logrotator/app/schedule/rotate_by_file.js
2020-04-11 23:00:05,591 INFO 5555 [Timer] /Users/tianjing/Desktop/courses/笔记/22课 egg实战 （2019.6.25）/egg-server-pra/node_modules/_egg-multipart@2.10.2@egg-multipart/app/schedule/clean_tmpdir.js next time will execute after 19794413ms at 2020-04-12 04:30:00.004
2020-04-11 23:00:05,592 INFO 5555 [Timer] /Users/tianjing/Desktop/courses/笔记/22课 egg实战 （2019.6.25）/egg-server-pra/node_modules/_egg-logrotator@3.1.0@egg-logrotator/app/schedule/clean_log.js next time will execute after 3594408ms at 2020-04-12 00:00:00.000
2020-04-11 23:00:05,593 INFO 5555 [Timer] /Users/tianjing/Desktop/courses/笔记/22课 egg实战 （2019.6.25）/egg-server-pra/node_modules/_egg-logrotator@3.1.0@egg-logrotator/app/schedule/rotate_by_file.js next time will execute after 3595408ms at 2020-04-12 00:00:01.001
2020-04-11 23:00:05,304 INFO 5556 [egg-schedule]: register schedule /Users/tianjing/Desktop/courses/笔记/22课 egg实战 （2019.6.25）/egg-server-pra/node_modules/_egg-multipart@2.10.2@egg-multipart/app/schedule/clean_tmpdir.js
2020-04-11 23:00:05,304 INFO 5556 [egg-schedule]: register schedule /Users/tianjing/Desktop/courses/笔记/22课 egg实战 （2019.6.25）/egg-server-pra/node_modules/_egg-logrotator@3.1.0@egg-logrotator/app/schedule/clean_log.js
2020-04-11 23:00:05,304 INFO 5556 [egg-schedule]: register schedule /Users/tianjing/Desktop/courses/笔记/22课 egg实战 （2019.6.25）/egg-server-pra/node_modules/_egg-logrotator@3.1.0@egg-logrotator/app/schedule/rotate_by_file.js
2020-04-11 23:40:18,080 INFO 5845 [Timer] /Users/tianjing/Desktop/courses/笔记/22课 egg实战 （2019.6.25）/egg-server-pra/node_modules/_egg-multipart@2.10.2@egg-multipart/app/schedule/clean_tmpdir.js next time will execute after 17381927ms at 2020-04-12 04:30:00.007
2020-04-11 23:40:18,081 INFO 5845 [Timer] /Users/tianjing/Desktop/courses/笔记/22课 egg实战 （2019.6.25）/egg-server-pra/node_modules/_egg-logrotator@3.1.0@egg-logrotator/app/schedule/clean_log.js next time will execute after 1181920ms at 2020-04-12 00:00:00.001
2020-04-11 23:40:18,081 INFO 5845 [Timer] /Users/tianjing/Desktop/courses/笔记/22课 egg实战 （2019.6.25）/egg-server-pra/node_modules/_egg-logrotator@3.1.0@egg-logrotator/app/schedule/rotate_by_file.js next time will execute after 1182919ms at 2020-04-12 00:00:01.000
2020-04-11 23:40:17,885 INFO 5846 [egg-schedule]: register schedule /Users/tianjing/Desktop/courses/笔记/22课 egg实战 （2019.6.25）/egg-server-pra/node_modules/_egg-multipart@2.10.2@egg-multipart/app/schedule/clean_tmpdir.js
2020-04-11 23:40:17,885 INFO 5846 [egg-schedule]: register schedule /Users/tianjing/Desktop/courses/笔记/22课 egg实战 （2019.6.25）/egg-server-pra/node_modules/_egg-logrotator@3.1.0@egg-logrotator/app/schedule/clean_log.js
2020-04-11 23:40:17,885 INFO 5846 [egg-schedule]: register schedule /Users/tianjing/Desktop/courses/笔记/22课 egg实战 （2019.6.25）/egg-server-pra/node_modules/_egg-logrotator@3.1.0@egg-logrotator/app/schedule/rotate_by_file.js
2020-04-11 23:40:37,092 INFO 5851 [egg-schedule]: register schedule /Users/tianjing/Desktop/courses/笔记/22课 egg实战 （2019.6.25）/egg-server-pra/node_modules/_egg-multipart@2.10.2@egg-multipart/app/schedule/clean_tmpdir.js
2020-04-11 23:40:37,092 INFO 5851 [egg-schedule]: register schedule /Users/tianjing/Desktop/courses/笔记/22课 egg实战 （2019.6.25）/egg-server-pra/node_modules/_egg-logrotator@3.1.0@egg-logrotator/app/schedule/clean_log.js
2020-04-11 23:40:37,092 INFO 5851 [egg-schedule]: register schedule /Users/tianjing/Desktop/courses/笔记/22课 egg实战 （2019.6.25）/egg-server-pra/node_modules/_egg-logrotator@3.1.0@egg-logrotator/app/schedule/rotate_by_file.js
2020-04-11 23:42:23,129 INFO 5859 [egg-schedule]: register schedule /Users/tianjing/Desktop/courses/笔记/22课 egg实战 （2019.6.25）/egg-server-pra/node_modules/_egg-multipart@2.10.2@egg-multipart/app/schedule/clean_tmpdir.js
2020-04-11 23:42:23,129 INFO 5859 [egg-schedule]: register schedule /Users/tianjing/Desktop/courses/笔记/22课 egg实战 （2019.6.25）/egg-server-pra/node_modules/_egg-logrotator@3.1.0@egg-logrotator/app/schedule/clean_log.js
2020-04-11 23:42:23,129 INFO 5859 [egg-schedule]: register schedule /Users/tianjing/Desktop/courses/笔记/22课 egg实战 （2019.6.25）/egg-server-pra/node_modules/_egg-logrotator@3.1.0@egg-logrotator/app/schedule/rotate_by_file.js
2020-04-11 23:42:24,792 INFO 5860 [egg-schedule]: register schedule /Users/tianjing/Desktop/courses/笔记/22课 egg实战 （2019.6.25）/egg-server-pra/node_modules/_egg-multipart@2.10.2@egg-multipart/app/schedule/clean_tmpdir.js
2020-04-11 23:42:24,792 INFO 5860 [egg-schedule]: register schedule /Users/tianjing/Desktop/courses/笔记/22课 egg实战 （2019.6.25）/egg-server-pra/node_modules/_egg-logrotator@3.1.0@egg-logrotator/app/schedule/clean_log.js
2020-04-11 23:42:24,792 INFO 5860 [egg-schedule]: register schedule /Users/tianjing/Desktop/courses/笔记/22课 egg实战 （2019.6.25）/egg-server-pra/node_modules/_egg-logrotator@3.1.0@egg-logrotator/app/schedule/rotate_by_file.js
2020-04-11 23:45:06,555 INFO 5869 [egg-schedule]: register schedule /Users/tianjing/Desktop/courses/笔记/22课 egg实战 （2019.6.25）/egg-server-pra/node_modules/_egg-multipart@2.10.2@egg-multipart/app/schedule/clean_tmpdir.js
2020-04-11 23:45:06,555 INFO 5869 [egg-schedule]: register schedule /Users/tianjing/Desktop/courses/笔记/22课 egg实战 （2019.6.25）/egg-server-pra/node_modules/_egg-logrotator@3.1.0@egg-logrotator/app/schedule/clean_log.js
2020-04-11 23:45:06,555 INFO 5869 [egg-schedule]: register schedule /Users/tianjing/Desktop/courses/笔记/22课 egg实战 （2019.6.25）/egg-server-pra/node_modules/_egg-logrotator@3.1.0@egg-logrotator/app/schedule/rotate_by_file.js
2020-04-11 23:45:23,485 INFO 5872 [egg-schedule]: register schedule /Users/tianjing/Desktop/courses/笔记/22课 egg实战 （2019.6.25）/egg-server-pra/node_modules/_egg-multipart@2.10.2@egg-multipart/app/schedule/clean_tmpdir.js
2020-04-11 23:45:23,485 INFO 5872 [egg-schedule]: register schedule /Users/tianjing/Desktop/courses/笔记/22课 egg实战 （2019.6.25）/egg-server-pra/node_modules/_egg-logrotator@3.1.0@egg-logrotator/app/schedule/clean_log.js
2020-04-11 23:45:23,485 INFO 5872 [egg-schedule]: register schedule /Users/tianjing/Desktop/courses/笔记/22课 egg实战 （2019.6.25）/egg-server-pra/node_modules/_egg-logrotator@3.1.0@egg-logrotator/app/schedule/rotate_by_file.js
2020-04-11 23:45:25,053 INFO 5873 [egg-schedule]: register schedule /Users/tianjing/Desktop/courses/笔记/22课 egg实战 （2019.6.25）/egg-server-pra/node_modules/_egg-multipart@2.10.2@egg-multipart/app/schedule/clean_tmpdir.js
2020-04-11 23:45:25,053 INFO 5873 [egg-schedule]: register schedule /Users/tianjing/Desktop/courses/笔记/22课 egg实战 （2019.6.25）/egg-server-pra/node_modules/_egg-logrotator@3.1.0@egg-logrotator/app/schedule/clean_log.js
2020-04-11 23:45:25,053 INFO 5873 [egg-schedule]: register schedule /Users/tianjing/Desktop/courses/笔记/22课 egg实战 （2019.6.25）/egg-server-pra/node_modules/_egg-logrotator@3.1.0@egg-logrotator/app/schedule/rotate_by_file.js
2020-04-11 23:45:30,243 INFO 5874 [egg-schedule]: register schedule /Users/tianjing/Desktop/courses/笔记/22课 egg实战 （2019.6.25）/egg-server-pra/node_modules/_egg-multipart@2.10.2@egg-multipart/app/schedule/clean_tmpdir.js
2020-04-11 23:45:30,243 INFO 5874 [egg-schedule]: register schedule /Users/tianjing/Desktop/courses/笔记/22课 egg实战 （2019.6.25）/egg-server-pra/node_modules/_egg-logrotator@3.1.0@egg-logrotator/app/schedule/clean_log.js
2020-04-11 23:45:30,243 INFO 5874 [egg-schedule]: register schedule /Users/tianjing/Desktop/courses/笔记/22课 egg实战 （2019.6.25）/egg-server-pra/node_modules/_egg-logrotator@3.1.0@egg-logrotator/app/schedule/rotate_by_file.js
2020-04-11 23:45:31,778 INFO 5875 [egg-schedule]: register schedule /Users/tianjing/Desktop/courses/笔记/22课 egg实战 （2019.6.25）/egg-server-pra/node_modules/_egg-multipart@2.10.2@egg-multipart/app/schedule/clean_tmpdir.js
2020-04-11 23:45:31,778 INFO 5875 [egg-schedule]: register schedule /Users/tianjing/Desktop/courses/笔记/22课 egg实战 （2019.6.25）/egg-server-pra/node_modules/_egg-logrotator@3.1.0@egg-logrotator/app/schedule/clean_log.js
2020-04-11 23:45:31,778 INFO 5875 [egg-schedule]: register schedule /Users/tianjing/Desktop/courses/笔记/22课 egg实战 （2019.6.25）/egg-server-pra/node_modules/_egg-logrotator@3.1.0@egg-logrotator/app/schedule/rotate_by_file.js
2020-04-11 23:45:34,081 INFO 5876 [egg-schedule]: register schedule /Users/tianjing/Desktop/courses/笔记/22课 egg实战 （2019.6.25）/egg-server-pra/node_modules/_egg-multipart@2.10.2@egg-multipart/app/schedule/clean_tmpdir.js
2020-04-11 23:45:34,082 INFO 5876 [egg-schedule]: register schedule /Users/tianjing/Desktop/courses/笔记/22课 egg实战 （2019.6.25）/egg-server-pra/node_modules/_egg-logrotator@3.1.0@egg-logrotator/app/schedule/clean_log.js
2020-04-11 23:45:34,082 INFO 5876 [egg-schedule]: register schedule /Users/tianjing/Desktop/courses/笔记/22课 egg实战 （2019.6.25）/egg-server-pra/node_modules/_egg-logrotator@3.1.0@egg-logrotator/app/schedule/rotate_by_file.js
2020-04-11 23:47:39,862 INFO 5890 [egg-schedule]: register schedule /Users/tianjing/Desktop/courses/笔记/22课 egg实战 （2019.6.25）/egg-server-pra/node_modules/_egg-multipart@2.10.2@egg-multipart/app/schedule/clean_tmpdir.js
2020-04-11 23:47:39,862 INFO 5890 [egg-schedule]: register schedule /Users/tianjing/Desktop/courses/笔记/22课 egg实战 （2019.6.25）/egg-server-pra/node_modules/_egg-logrotator@3.1.0@egg-logrotator/app/schedule/clean_log.js
2020-04-11 23:47:39,862 INFO 5890 [egg-schedule]: register schedule /Users/tianjing/Desktop/courses/笔记/22课 egg实战 （2019.6.25）/egg-server-pra/node_modules/_egg-logrotator@3.1.0@egg-logrotator/app/schedule/rotate_by_file.js
2020-04-11 23:47:41,196 INFO 5891 [egg-schedule]: register schedule /Users/tianjing/Desktop/courses/笔记/22课 egg实战 （2019.6.25）/egg-server-pra/node_modules/_egg-multipart@2.10.2@egg-multipart/app/schedule/clean_tmpdir.js
2020-04-11 23:47:41,196 INFO 5891 [egg-schedule]: register schedule /Users/tianjing/Desktop/courses/笔记/22课 egg实战 （2019.6.25）/egg-server-pra/node_modules/_egg-logrotator@3.1.0@egg-logrotator/app/schedule/clean_log.js
2020-04-11 23:47:41,196 INFO 5891 [egg-schedule]: register schedule /Users/tianjing/Desktop/courses/笔记/22课 egg实战 （2019.6.25）/egg-server-pra/node_modules/_egg-logrotator@3.1.0@egg-logrotator/app/schedule/rotate_by_file.js
2020-04-11 23:47:42,112 INFO 5892 [egg-schedule]: register schedule /Users/tianjing/Desktop/courses/笔记/22课 egg实战 （2019.6.25）/egg-server-pra/node_modules/_egg-multipart@2.10.2@egg-multipart/app/schedule/clean_tmpdir.js
2020-04-11 23:47:42,112 INFO 5892 [egg-schedule]: register schedule /Users/tianjing/Desktop/courses/笔记/22课 egg实战 （2019.6.25）/egg-server-pra/node_modules/_egg-logrotator@3.1.0@egg-logrotator/app/schedule/clean_log.js
2020-04-11 23:47:42,112 INFO 5892 [egg-schedule]: register schedule /Users/tianjing/Desktop/courses/笔记/22课 egg实战 （2019.6.25）/egg-server-pra/node_modules/_egg-logrotator@3.1.0@egg-logrotator/app/schedule/rotate_by_file.js
2020-04-11 23:47:47,303 INFO 5896 [egg-schedule]: register schedule /Users/tianjing/Desktop/courses/笔记/22课 egg实战 （2019.6.25）/egg-server-pra/node_modules/_egg-multipart@2.10.2@egg-multipart/app/schedule/clean_tmpdir.js
2020-04-11 23:47:47,303 INFO 5896 [egg-schedule]: register schedule /Users/tianjing/Desktop/courses/笔记/22课 egg实战 （2019.6.25）/egg-server-pra/node_modules/_egg-logrotator@3.1.0@egg-logrotator/app/schedule/clean_log.js
2020-04-11 23:47:47,303 INFO 5896 [egg-schedule]: register schedule /Users/tianjing/Desktop/courses/笔记/22课 egg实战 （2019.6.25）/egg-server-pra/node_modules/_egg-logrotator@3.1.0@egg-logrotator/app/schedule/rotate_by_file.js
2020-04-11 23:49:44,364 INFO 5905 [egg-schedule]: register schedule /Users/tianjing/Desktop/courses/笔记/22课 egg实战 （2019.6.25）/egg-server-pra/node_modules/_egg-multipart@2.10.2@egg-multipart/app/schedule/clean_tmpdir.js
2020-04-11 23:49:44,364 INFO 5905 [egg-schedule]: register schedule /Users/tianjing/Desktop/courses/笔记/22课 egg实战 （2019.6.25）/egg-server-pra/node_modules/_egg-logrotator@3.1.0@egg-logrotator/app/schedule/clean_log.js
2020-04-11 23:49:44,364 INFO 5905 [egg-schedule]: register schedule /Users/tianjing/Desktop/courses/笔记/22课 egg实战 （2019.6.25）/egg-server-pra/node_modules/_egg-logrotator@3.1.0@egg-logrotator/app/schedule/rotate_by_file.js
2020-04-11 23:51:05,542 INFO 5908 [egg-schedule]: register schedule /Users/tianjing/Desktop/courses/笔记/22课 egg实战 （2019.6.25）/egg-server-pra/node_modules/_egg-multipart@2.10.2@egg-multipart/app/schedule/clean_tmpdir.js
2020-04-11 23:51:05,542 INFO 5908 [egg-schedule]: register schedule /Users/tianjing/Desktop/courses/笔记/22课 egg实战 （2019.6.25）/egg-server-pra/node_modules/_egg-logrotator@3.1.0@egg-logrotator/app/schedule/clean_log.js
2020-04-11 23:51:05,542 INFO 5908 [egg-schedule]: register schedule /Users/tianjing/Desktop/courses/笔记/22课 egg实战 （2019.6.25）/egg-server-pra/node_modules/_egg-logrotator@3.1.0@egg-logrotator/app/schedule/rotate_by_file.js
2020-04-11 23:51:08,452 INFO 5912 [egg-schedule]: register schedule /Users/tianjing/Desktop/courses/笔记/22课 egg实战 （2019.6.25）/egg-server-pra/node_modules/_egg-multipart@2.10.2@egg-multipart/app/schedule/clean_tmpdir.js
2020-04-11 23:51:08,452 INFO 5912 [egg-schedule]: register schedule /Users/tianjing/Desktop/courses/笔记/22课 egg实战 （2019.6.25）/egg-server-pra/node_modules/_egg-logrotator@3.1.0@egg-logrotator/app/schedule/clean_log.js
2020-04-11 23:51:08,452 INFO 5912 [egg-schedule]: register schedule /Users/tianjing/Desktop/courses/笔记/22课 egg实战 （2019.6.25）/egg-server-pra/node_modules/_egg-logrotator@3.1.0@egg-logrotator/app/schedule/rotate_by_file.js
2020-04-11 23:51:10,610 INFO 5913 [egg-schedule]: register schedule /Users/tianjing/Desktop/courses/笔记/22课 egg实战 （2019.6.25）/egg-server-pra/node_modules/_egg-multipart@2.10.2@egg-multipart/app/schedule/clean_tmpdir.js
2020-04-11 23:51:10,610 INFO 5913 [egg-schedule]: register schedule /Users/tianjing/Desktop/courses/笔记/22课 egg实战 （2019.6.25）/egg-server-pra/node_modules/_egg-logrotator@3.1.0@egg-logrotator/app/schedule/clean_log.js
2020-04-11 23:51:10,610 INFO 5913 [egg-schedule]: register schedule /Users/tianjing/Desktop/courses/笔记/22课 egg实战 （2019.6.25）/egg-server-pra/node_modules/_egg-logrotator@3.1.0@egg-logrotator/app/schedule/rotate_by_file.js
2020-04-11 23:51:15,344 INFO 5914 [egg-schedule]: register schedule /Users/tianjing/Desktop/courses/笔记/22课 egg实战 （2019.6.25）/egg-server-pra/node_modules/_egg-multipart@2.10.2@egg-multipart/app/schedule/clean_tmpdir.js
2020-04-11 23:51:15,344 INFO 5914 [egg-schedule]: register schedule /Users/tianjing/Desktop/courses/笔记/22课 egg实战 （2019.6.25）/egg-server-pra/node_modules/_egg-logrotator@3.1.0@egg-logrotator/app/schedule/clean_log.js
2020-04-11 23:51:15,344 INFO 5914 [egg-schedule]: register schedule /Users/tianjing/Desktop/courses/笔记/22课 egg实战 （2019.6.25）/egg-server-pra/node_modules/_egg-logrotator@3.1.0@egg-logrotator/app/schedule/rotate_by_file.js
2020-04-12 00:00:00,038 INFO 5914 [Job#1586620800024437611024772431] /Users/tianjing/Desktop/courses/笔记/22课 egg实战 （2019.6.25）/egg-server-pra/node_modules/_egg-logrotator@3.1.0@egg-logrotator/app/schedule/clean_log.js executing by app
2020-04-12 00:00:00,046 INFO 5914 [Job#1586620800024437611024772431] /Users/tianjing/Desktop/courses/笔记/22课 egg实战 （2019.6.25）/egg-server-pra/node_modules/_egg-logrotator@3.1.0@egg-logrotator/app/schedule/clean_log.js execute succeed, used 3ms
2020-04-12 00:00:00,033 INFO 5845 [Timer] /Users/tianjing/Desktop/courses/笔记/22课 egg实战 （2019.6.25）/egg-server-pra/node_modules/_egg-logrotator@3.1.0@egg-logrotator/app/schedule/clean_log.js next time will execute after 86399974ms at 2020-04-13 00:00:00.007
2020-04-12 00:00:01,027 INFO 5845 [Timer] /Users/tianjing/Desktop/courses/笔记/22课 egg实战 （2019.6.25）/egg-server-pra/node_modules/_egg-logrotator@3.1.0@egg-logrotator/app/schedule/rotate_by_file.js next time will execute after 86399977ms at 2020-04-13 00:00:01.004
2020-04-12 00:00:01,029 INFO 5914 [Job#1586620801023437621005070231] /Users/tianjing/Desktop/courses/笔记/22课 egg实战 （2019.6.25）/egg-server-pra/node_modules/_egg-logrotator@3.1.0@egg-logrotator/app/schedule/rotate_by_file.js executing by app
2020-04-12 00:00:01,040 INFO 5914 [Job#1586620801023437621005070231] /Users/tianjing/Desktop/courses/笔记/22课 egg实战 （2019.6.25）/egg-server-pra/node_modules/_egg-logrotator@3.1.0@egg-logrotator/app/schedule/rotate_by_file.js execute succeed, used 11ms
2020-04-12 00:13:08,402 INFO 6060 [Timer] /Users/tianjing/Desktop/courses/笔记/22课 egg实战 （2019.6.25）/egg-server-prac/node_modules/_egg-multipart@2.10.2@egg-multipart/app/schedule/clean_tmpdir.js next time will execute after 15411600ms at 2020-04-12 04:30:00.002
2020-04-12 00:13:08,404 INFO 6060 [Timer] /Users/tianjing/Desktop/courses/笔记/22课 egg实战 （2019.6.25）/egg-server-prac/node_modules/_egg-logrotator@3.1.0@egg-logrotator/app/schedule/clean_log.js next time will execute after 85611598ms at 2020-04-13 00:00:00.002
2020-04-12 00:13:08,406 INFO 6060 [Timer] /Users/tianjing/Desktop/courses/笔记/22课 egg实战 （2019.6.25）/egg-server-prac/node_modules/_egg-logrotator@3.1.0@egg-logrotator/app/schedule/rotate_by_file.js next time will execute after 85612596ms at 2020-04-13 00:00:01.002
2020-04-12 00:13:07,613 INFO 6061 [egg-schedule]: register schedule /Users/tianjing/Desktop/courses/笔记/22课 egg实战 （2019.6.25）/egg-server-prac/node_modules/_egg-multipart@2.10.2@egg-multipart/app/schedule/clean_tmpdir.js
2020-04-12 00:13:07,614 INFO 6061 [egg-schedule]: register schedule /Users/tianjing/Desktop/courses/笔记/22课 egg实战 （2019.6.25）/egg-server-prac/node_modules/_egg-logrotator@3.1.0@egg-logrotator/app/schedule/clean_log.js
2020-04-12 00:13:07,614 INFO 6061 [egg-schedule]: register schedule /Users/tianjing/Desktop/courses/笔记/22课 egg实战 （2019.6.25）/egg-server-prac/node_modules/_egg-logrotator@3.1.0@egg-logrotator/app/schedule/rotate_by_file.js
2020-04-12 00:17:24,826 INFO 6172 [egg-schedule]: register schedule /Users/tianjing/Desktop/courses/笔记/22课 egg实战 （2019.6.25）/egg-server-prac/node_modules/_egg-multipart@2.10.2@egg-multipart/app/schedule/clean_tmpdir.js
2020-04-12 00:17:24,827 INFO 6172 [egg-schedule]: register schedule /Users/tianjing/Desktop/courses/笔记/22课 egg实战 （2019.6.25）/egg-server-prac/node_modules/_egg-logrotator@3.1.0@egg-logrotator/app/schedule/clean_log.js
2020-04-12 00:17:24,827 INFO 6172 [egg-schedule]: register schedule /Users/tianjing/Desktop/courses/笔记/22课 egg实战 （2019.6.25）/egg-server-prac/node_modules/_egg-logrotator@3.1.0@egg-logrotator/app/schedule/rotate_by_file.js
2020-04-12 00:18:05,573 INFO 6183 [egg-schedule]: register schedule /Users/tianjing/Desktop/courses/笔记/22课 egg实战 （2019.6.25）/egg-server-prac/node_modules/_egg-multipart@2.10.2@egg-multipart/app/schedule/clean_tmpdir.js
2020-04-12 00:18:05,573 INFO 6183 [egg-schedule]: register schedule /Users/tianjing/Desktop/courses/笔记/22课 egg实战 （2019.6.25）/egg-server-prac/node_modules/_egg-logrotator@3.1.0@egg-logrotator/app/schedule/clean_log.js
2020-04-12 00:18:05,573 INFO 6183 [egg-schedule]: register schedule /Users/tianjing/Desktop/courses/笔记/22课 egg实战 （2019.6.25）/egg-server-prac/node_modules/_egg-logrotator@3.1.0@egg-logrotator/app/schedule/rotate_by_file.js
2020-04-12 22:09:42,211 INFO 10495 [egg-schedule]: register schedule /Users/tianjing/Desktop/courses/笔记/22课 egg实战 （2019.6.25）/egg-server-prac/node_modules/_egg-multipart@2.10.2@egg-multipart/app/schedule/clean_tmpdir.js
2020-04-12 22:09:42,211 INFO 10495 [egg-schedule]: register schedule /Users/tianjing/Desktop/courses/笔记/22课 egg实战 （2019.6.25）/egg-server-prac/node_modules/_egg-logrotator@3.1.0@egg-logrotator/app/schedule/clean_log.js
2020-04-12 22:09:42,211 INFO 10495 [egg-schedule]: register schedule /Users/tianjing/Desktop/courses/笔记/22课 egg实战 （2019.6.25）/egg-server-prac/node_modules/_egg-logrotator@3.1.0@egg-logrotator/app/schedule/rotate_by_file.js
2020-04-12 22:09:43,899 INFO 10494 [Timer] /Users/tianjing/Desktop/courses/笔记/22课 egg实战 （2019.6.25）/egg-server-prac/node_modules/_egg-multipart@2.10.2@egg-multipart/app/schedule/clean_tmpdir.js next time will execute after 22816106ms at 2020-04-13 04:30:00.005
2020-04-12 22:09:43,900 INFO 10494 [Timer] /Users/tianjing/Desktop/courses/笔记/22课 egg实战 （2019.6.25）/egg-server-prac/node_modules/_egg-logrotator@3.1.0@egg-logrotator/app/schedule/clean_log.js next time will execute after 6616100ms at 2020-04-13 00:00:00.000
2020-04-12 22:09:43,901 INFO 10494 [Timer] /Users/tianjing/Desktop/courses/笔记/22课 egg实战 （2019.6.25）/egg-server-prac/node_modules/_egg-logrotator@3.1.0@egg-logrotator/app/schedule/rotate_by_file.js next time will execute after 6617100ms at 2020-04-13 00:00:01.001
