2020-04-11 14:32:12,386 INFO 2724 [egg:logger] init all loggers with options: {"dir":"/Users/tianjing/Desktop/courses/笔记/21课 基于Koa定制自己的企业级MVC框架  （2019.6.22）/node-server-master/egg-server/logs/egg-server","encoding":"utf8","env":"local","level":"INFO","consoleLevel":"INFO","disableConsoleAfterReady":false,"outputJSON":false,"buffer":true,"appLogName":"egg-server-web.log","coreLogName":"egg-web.log","agentLogName":"egg-agent.log","errorLogName":"common-error.log","coreLogger":{"consoleLevel":"WARN"},"allowDebugAtProd":false,"type":"application"}
2020-04-11 14:32:12,419 INFO 2724 [egg-multipart] stream mode enable
2020-04-11 14:32:12,510 INFO 2724 [egg-static] starting static serve /public/ -> /Users/tianjing/Desktop/courses/笔记/21课 基于Koa定制自己的企业级MVC框架  （2019.6.22）/node-server-master/egg-server/app/public
2020-04-11 14:32:12,515 INFO 2724 [egg-security] use csrf middleware
2020-04-11 14:32:12,517 INFO 2724 [egg-security] use methodnoallow middleware
2020-04-11 14:32:12,518 INFO 2724 [egg-security] use noopen middleware
2020-04-11 14:32:12,520 INFO 2724 [egg-security] use nosniff middleware
2020-04-11 14:32:12,520 INFO 2724 [egg-security] use xssProtection middleware
2020-04-11 14:32:12,522 INFO 2724 [egg-security] use xframe middleware
2020-04-11 14:32:12,523 INFO 2724 [egg-security] use dta middleware
2020-04-11 14:32:12,523 INFO 2724 [egg-security] compose 7 middlewares into one security middleware
2020-04-11 14:32:12,537 INFO 2724 [egg:core] dump config after load, 7ms
2020-04-11 14:32:12,558 INFO 2724 [egg-watcher:application] watcher start success
2020-04-11 14:32:12,568 INFO 2724 [egg:core] dump config after ready, 7ms
2020-04-11 14:49:40,825 INFO 2960 [egg:logger] init all loggers with options: {"dir":"/Users/tianjing/Desktop/courses/笔记/22课 egg实战 （2019.6.25）/egg-server-pra/logs/egg-server","encoding":"utf8","env":"local","level":"INFO","consoleLevel":"INFO","disableConsoleAfterReady":false,"outputJSON":false,"buffer":true,"appLogName":"egg-server-web.log","coreLogName":"egg-web.log","agentLogName":"egg-agent.log","errorLogName":"common-error.log","coreLogger":{"consoleLevel":"WARN"},"allowDebugAtProd":false,"type":"application"}
2020-04-11 14:49:40,856 INFO 2960 [egg-multipart] stream mode enable
2020-04-11 14:49:40,954 INFO 2960 [egg-static] starting static serve /public/ -> /Users/tianjing/Desktop/courses/笔记/22课 egg实战 （2019.6.25）/egg-server-pra/app/public
2020-04-11 14:49:40,958 INFO 2960 [egg-security] use csrf middleware
2020-04-11 14:49:40,960 INFO 2960 [egg-security] use methodnoallow middleware
2020-04-11 14:49:40,961 INFO 2960 [egg-security] use noopen middleware
2020-04-11 14:49:40,962 INFO 2960 [egg-security] use nosniff middleware
2020-04-11 14:49:40,963 INFO 2960 [egg-security] use xssProtection middleware
2020-04-11 14:49:40,964 INFO 2960 [egg-security] use xframe middleware
2020-04-11 14:49:40,965 INFO 2960 [egg-security] use dta middleware
2020-04-11 14:49:40,965 INFO 2960 [egg-security] compose 7 middlewares into one security middleware
2020-04-11 14:49:40,978 INFO 2960 [egg:core] dump config after load, 6ms
2020-04-11 14:49:40,994 INFO 2960 [egg-watcher:application] watcher start success
2020-04-11 14:49:41,001 INFO 2960 [egg:core] dump config after ready, 6ms
2020-04-11 15:22:04,476 INFO 3426 [egg:logger] init all loggers with options: {"dir":"/Users/tianjing/Desktop/courses/笔记/22课 egg实战 （2019.6.25）/egg-server-pra/logs/egg-server","encoding":"utf8","env":"local","level":"INFO","consoleLevel":"INFO","disableConsoleAfterReady":false,"outputJSON":false,"buffer":true,"appLogName":"egg-server-web.log","coreLogName":"egg-web.log","agentLogName":"egg-agent.log","errorLogName":"common-error.log","coreLogger":{"consoleLevel":"WARN"},"allowDebugAtProd":false,"type":"application"}
2020-04-11 15:22:04,525 INFO 3426 [egg-multipart] stream mode enable
2020-04-11 15:22:04,650 INFO 3426 [egg-static] starting static serve /public/ -> /Users/tianjing/Desktop/courses/笔记/22课 egg实战 （2019.6.25）/egg-server-pra/app/public
2020-04-11 15:22:04,652 INFO 3426 [egg-security] use csrf middleware
2020-04-11 15:22:04,654 INFO 3426 [egg-security] use methodnoallow middleware
2020-04-11 15:22:04,656 INFO 3426 [egg-security] use noopen middleware
2020-04-11 15:22:04,657 INFO 3426 [egg-security] use nosniff middleware
2020-04-11 15:22:04,659 INFO 3426 [egg-security] use xssProtection middleware
2020-04-11 15:22:04,661 INFO 3426 [egg-security] use xframe middleware
2020-04-11 15:22:04,663 INFO 3426 [egg-security] use dta middleware
2020-04-11 15:22:04,663 INFO 3426 [egg-security] compose 7 middlewares into one security middleware
2020-04-11 15:22:04,675 INFO 3426 [egg:core] dump config after load, 7ms
2020-04-11 15:22:04,688 INFO 3426 [egg-watcher:application] watcher start success
2020-04-11 15:22:04,695 INFO 3426 [egg:core] dump config after ready, 5ms
2020-04-11 15:22:05,795 INFO 3427 [egg:logger] init all loggers with options: {"dir":"/Users/tianjing/Desktop/courses/笔记/22课 egg实战 （2019.6.25）/egg-server-pra/logs/egg-server","encoding":"utf8","env":"local","level":"INFO","consoleLevel":"INFO","disableConsoleAfterReady":false,"outputJSON":false,"buffer":true,"appLogName":"egg-server-web.log","coreLogName":"egg-web.log","agentLogName":"egg-agent.log","errorLogName":"common-error.log","coreLogger":{"consoleLevel":"WARN"},"allowDebugAtProd":false,"type":"application"}
2020-04-11 15:22:05,824 INFO 3427 [egg-multipart] stream mode enable
2020-04-11 15:22:05,869 INFO 3427 [egg-static] starting static serve /public/ -> /Users/tianjing/Desktop/courses/笔记/22课 egg实战 （2019.6.25）/egg-server-pra/app/public
2020-04-11 15:22:05,872 INFO 3427 [egg-security] use csrf middleware
2020-04-11 15:22:05,873 INFO 3427 [egg-security] use methodnoallow middleware
2020-04-11 15:22:05,873 INFO 3427 [egg-security] use noopen middleware
2020-04-11 15:22:05,874 INFO 3427 [egg-security] use nosniff middleware
2020-04-11 15:22:05,874 INFO 3427 [egg-security] use xssProtection middleware
2020-04-11 15:22:05,874 INFO 3427 [egg-security] use xframe middleware
2020-04-11 15:22:05,875 INFO 3427 [egg-security] use dta middleware
2020-04-11 15:22:05,875 INFO 3427 [egg-security] compose 7 middlewares into one security middleware
2020-04-11 15:22:05,885 INFO 3427 [egg:core] dump config after load, 6ms
2020-04-11 15:22:05,900 INFO 3427 [egg-watcher:application] watcher start success
2020-04-11 15:22:05,911 INFO 3427 [egg:core] dump config after ready, 8ms
2020-04-11 22:20:04,642 INFO 5200 [egg:logger] init all loggers with options: {"dir":"/Users/tianjing/Desktop/courses/笔记/22课 egg实战 （2019.6.25）/egg-server-pra/logs/egg-server","encoding":"utf8","env":"local","level":"INFO","consoleLevel":"INFO","disableConsoleAfterReady":false,"outputJSON":false,"buffer":true,"appLogName":"egg-server-web.log","coreLogName":"egg-web.log","agentLogName":"egg-agent.log","errorLogName":"common-error.log","coreLogger":{"consoleLevel":"WARN"},"allowDebugAtProd":false,"type":"application"}
2020-04-11 22:20:04,712 INFO 5200 [egg-multipart] stream mode enable
2020-04-11 22:20:04,912 INFO 5200 [egg-static] starting static serve /public/ -> /Users/tianjing/Desktop/courses/笔记/22课 egg实战 （2019.6.25）/egg-server-pra/app/public
2020-04-11 22:20:04,922 INFO 5200 [egg-security] use csrf middleware
2020-04-11 22:20:04,924 INFO 5200 [egg-security] use methodnoallow middleware
2020-04-11 22:20:04,925 INFO 5200 [egg-security] use noopen middleware
2020-04-11 22:20:04,927 INFO 5200 [egg-security] use nosniff middleware
2020-04-11 22:20:04,928 INFO 5200 [egg-security] use xssProtection middleware
2020-04-11 22:20:04,929 INFO 5200 [egg-security] use xframe middleware
2020-04-11 22:20:04,930 INFO 5200 [egg-security] use dta middleware
2020-04-11 22:20:04,930 INFO 5200 [egg-security] compose 7 middlewares into one security middleware
2020-04-11 22:20:04,949 INFO 5200 [egg:core] dump config after load, 12ms
2020-04-11 22:20:04,962 INFO 5200 [egg-watcher:application] watcher start success
2020-04-11 22:20:04,970 INFO 5200 [egg:core] dump config after ready, 5ms
2020-04-11 22:27:02,083 INFO 5238 [egg:logger] init all loggers with options: {"dir":"/Users/tianjing/Desktop/courses/笔记/22课 egg实战 （2019.6.25）/egg-server-pra/logs/egg-server","encoding":"utf8","env":"local","level":"INFO","consoleLevel":"INFO","disableConsoleAfterReady":false,"outputJSON":false,"buffer":true,"appLogName":"egg-server-web.log","coreLogName":"egg-web.log","agentLogName":"egg-agent.log","errorLogName":"common-error.log","coreLogger":{"consoleLevel":"WARN"},"allowDebugAtProd":false,"type":"application"}
2020-04-11 22:27:02,121 INFO 5238 [egg-multipart] stream mode enable
2020-04-11 22:27:02,251 INFO 5238 [egg-static] starting static serve /public/ -> /Users/tianjing/Desktop/courses/笔记/22课 egg实战 （2019.6.25）/egg-server-pra/app/public
2020-04-11 22:27:02,255 INFO 5238 [egg-security] use csrf middleware
2020-04-11 22:27:02,257 INFO 5238 [egg-security] use methodnoallow middleware
2020-04-11 22:27:02,260 INFO 5238 [egg-security] use noopen middleware
2020-04-11 22:27:02,262 INFO 5238 [egg-security] use nosniff middleware
2020-04-11 22:27:02,264 INFO 5238 [egg-security] use xssProtection middleware
2020-04-11 22:27:02,265 INFO 5238 [egg-security] use xframe middleware
2020-04-11 22:27:02,267 INFO 5238 [egg-security] use dta middleware
2020-04-11 22:27:02,267 INFO 5238 [egg-security] compose 7 middlewares into one security middleware
2020-04-11 22:27:02,280 INFO 5238 [egg:core] dump config after load, 6ms
2020-04-11 22:27:02,293 INFO 5238 [egg-watcher:application] watcher start success
2020-04-11 22:27:02,300 INFO 5238 [egg:core] dump config after ready, 5ms
2020-04-11 22:27:47,119 INFO 5243 [egg:logger] init all loggers with options: {"dir":"/Users/tianjing/Desktop/courses/笔记/22课 egg实战 （2019.6.25）/egg-server-pra/logs/egg-server","encoding":"utf8","env":"local","level":"INFO","consoleLevel":"INFO","disableConsoleAfterReady":false,"outputJSON":false,"buffer":true,"appLogName":"egg-server-web.log","coreLogName":"egg-web.log","agentLogName":"egg-agent.log","errorLogName":"common-error.log","coreLogger":{"consoleLevel":"WARN"},"allowDebugAtProd":false,"type":"application"}
2020-04-11 22:27:47,156 INFO 5243 [egg-multipart] stream mode enable
2020-04-11 22:27:47,262 INFO 5243 [egg-static] starting static serve /public/ -> /Users/tianjing/Desktop/courses/笔记/22课 egg实战 （2019.6.25）/egg-server-pra/app/public
2020-04-11 22:27:47,267 INFO 5243 [egg-security] use csrf middleware
2020-04-11 22:27:47,269 INFO 5243 [egg-security] use methodnoallow middleware
2020-04-11 22:27:47,270 INFO 5243 [egg-security] use noopen middleware
2020-04-11 22:27:47,272 INFO 5243 [egg-security] use nosniff middleware
2020-04-11 22:27:47,273 INFO 5243 [egg-security] use xssProtection middleware
2020-04-11 22:27:47,274 INFO 5243 [egg-security] use xframe middleware
2020-04-11 22:27:47,275 INFO 5243 [egg-security] use dta middleware
2020-04-11 22:27:47,275 INFO 5243 [egg-security] compose 7 middlewares into one security middleware
2020-04-11 22:27:47,291 INFO 5243 [egg:core] dump config after load, 8ms
2020-04-11 22:27:47,306 INFO 5243 [egg-watcher:application] watcher start success
2020-04-11 22:27:47,313 INFO 5243 [egg:core] dump config after ready, 4ms
2020-04-11 22:27:48,216 INFO 5244 [egg:logger] init all loggers with options: {"dir":"/Users/tianjing/Desktop/courses/笔记/22课 egg实战 （2019.6.25）/egg-server-pra/logs/egg-server","encoding":"utf8","env":"local","level":"INFO","consoleLevel":"INFO","disableConsoleAfterReady":false,"outputJSON":false,"buffer":true,"appLogName":"egg-server-web.log","coreLogName":"egg-web.log","agentLogName":"egg-agent.log","errorLogName":"common-error.log","coreLogger":{"consoleLevel":"WARN"},"allowDebugAtProd":false,"type":"application"}
2020-04-11 22:27:48,241 INFO 5244 [egg-multipart] stream mode enable
2020-04-11 22:27:48,278 INFO 5244 [egg-static] starting static serve /public/ -> /Users/tianjing/Desktop/courses/笔记/22课 egg实战 （2019.6.25）/egg-server-pra/app/public
2020-04-11 22:27:48,281 INFO 5244 [egg-security] use csrf middleware
2020-04-11 22:27:48,281 INFO 5244 [egg-security] use methodnoallow middleware
2020-04-11 22:27:48,282 INFO 5244 [egg-security] use noopen middleware
2020-04-11 22:27:48,282 INFO 5244 [egg-security] use nosniff middleware
2020-04-11 22:27:48,283 INFO 5244 [egg-security] use xssProtection middleware
2020-04-11 22:27:48,283 INFO 5244 [egg-security] use xframe middleware
2020-04-11 22:27:48,283 INFO 5244 [egg-security] use dta middleware
2020-04-11 22:27:48,284 INFO 5244 [egg-security] compose 7 middlewares into one security middleware
2020-04-11 22:27:48,293 INFO 5244 [egg:core] dump config after load, 6ms
2020-04-11 22:27:48,307 INFO 5244 [egg-watcher:application] watcher start success
2020-04-11 22:27:48,313 INFO 5244 [egg:core] dump config after ready, 4ms
2020-04-11 22:28:23,225 INFO 5247 [egg:logger] init all loggers with options: {"dir":"/Users/tianjing/Desktop/courses/笔记/22课 egg实战 （2019.6.25）/egg-server-pra/logs/egg-server","encoding":"utf8","env":"local","level":"INFO","consoleLevel":"INFO","disableConsoleAfterReady":false,"outputJSON":false,"buffer":true,"appLogName":"egg-server-web.log","coreLogName":"egg-web.log","agentLogName":"egg-agent.log","errorLogName":"common-error.log","coreLogger":{"consoleLevel":"WARN"},"allowDebugAtProd":false,"type":"application"}
2020-04-11 22:28:23,264 INFO 5247 [egg-multipart] stream mode enable
2020-04-11 22:28:23,374 INFO 5247 [egg-static] starting static serve /public/ -> /Users/tianjing/Desktop/courses/笔记/22课 egg实战 （2019.6.25）/egg-server-pra/app/public
2020-04-11 22:28:23,377 INFO 5247 [egg-security] use csrf middleware
2020-04-11 22:28:23,379 INFO 5247 [egg-security] use methodnoallow middleware
2020-04-11 22:28:23,380 INFO 5247 [egg-security] use noopen middleware
2020-04-11 22:28:23,382 INFO 5247 [egg-security] use nosniff middleware
2020-04-11 22:28:23,383 INFO 5247 [egg-security] use xssProtection middleware
2020-04-11 22:28:23,384 INFO 5247 [egg-security] use xframe middleware
2020-04-11 22:28:23,386 INFO 5247 [egg-security] use dta middleware
2020-04-11 22:28:23,386 INFO 5247 [egg-security] compose 7 middlewares into one security middleware
2020-04-11 22:28:23,398 INFO 5247 [egg:core] dump config after load, 7ms
2020-04-11 22:28:23,411 INFO 5247 [egg-watcher:application] watcher start success
2020-04-11 22:28:23,420 INFO 5247 [egg:core] dump config after ready, 7ms
2020-04-11 22:29:04,648 INFO 5253 [egg:logger] init all loggers with options: {"dir":"/Users/tianjing/Desktop/courses/笔记/22课 egg实战 （2019.6.25）/egg-server-pra/logs/egg-server","encoding":"utf8","env":"local","level":"INFO","consoleLevel":"INFO","disableConsoleAfterReady":false,"outputJSON":false,"buffer":true,"appLogName":"egg-server-web.log","coreLogName":"egg-web.log","agentLogName":"egg-agent.log","errorLogName":"common-error.log","coreLogger":{"consoleLevel":"WARN"},"allowDebugAtProd":false,"type":"application"}
2020-04-11 22:29:04,680 INFO 5253 [egg-multipart] stream mode enable
2020-04-11 22:29:04,726 INFO 5253 [egg-static] starting static serve /public/ -> /Users/tianjing/Desktop/courses/笔记/22课 egg实战 （2019.6.25）/egg-server-pra/app/public
2020-04-11 22:29:04,729 INFO 5253 [egg-security] use csrf middleware
2020-04-11 22:29:04,730 INFO 5253 [egg-security] use methodnoallow middleware
2020-04-11 22:29:04,731 INFO 5253 [egg-security] use noopen middleware
2020-04-11 22:29:04,731 INFO 5253 [egg-security] use nosniff middleware
2020-04-11 22:29:04,732 INFO 5253 [egg-security] use xssProtection middleware
2020-04-11 22:29:04,732 INFO 5253 [egg-security] use xframe middleware
2020-04-11 22:29:04,733 INFO 5253 [egg-security] use dta middleware
2020-04-11 22:29:04,733 INFO 5253 [egg-security] compose 7 middlewares into one security middleware
2020-04-11 22:29:04,742 INFO 5253 [egg:core] dump config after load, 4ms
2020-04-11 22:29:04,752 INFO 5253 [egg-watcher:application] watcher start success
2020-04-11 22:29:04,758 INFO 5253 [egg:core] dump config after ready, 3ms
2020-04-11 22:30:48,953 INFO 5261 [egg:logger] init all loggers with options: {"dir":"/Users/tianjing/Desktop/courses/笔记/22课 egg实战 （2019.6.25）/egg-server-pra/logs/egg-server","encoding":"utf8","env":"local","level":"INFO","consoleLevel":"INFO","disableConsoleAfterReady":false,"outputJSON":false,"buffer":true,"appLogName":"egg-server-web.log","coreLogName":"egg-web.log","agentLogName":"egg-agent.log","errorLogName":"common-error.log","coreLogger":{"consoleLevel":"WARN"},"allowDebugAtProd":false,"type":"application"}
2020-04-11 22:30:48,984 INFO 5261 [egg-multipart] stream mode enable
2020-04-11 22:30:49,073 INFO 5261 [egg-static] starting static serve /public/ -> /Users/tianjing/Desktop/courses/笔记/22课 egg实战 （2019.6.25）/egg-server-pra/app/public
2020-04-11 22:30:49,076 INFO 5261 [egg-security] use csrf middleware
2020-04-11 22:30:49,078 INFO 5261 [egg-security] use methodnoallow middleware
2020-04-11 22:30:49,079 INFO 5261 [egg-security] use noopen middleware
2020-04-11 22:30:49,080 INFO 5261 [egg-security] use nosniff middleware
2020-04-11 22:30:49,081 INFO 5261 [egg-security] use xssProtection middleware
2020-04-11 22:30:49,082 INFO 5261 [egg-security] use xframe middleware
2020-04-11 22:30:49,082 INFO 5261 [egg-security] use dta middleware
2020-04-11 22:30:49,083 INFO 5261 [egg-security] compose 7 middlewares into one security middleware
2020-04-11 22:30:49,094 INFO 5261 [egg:core] dump config after load, 6ms
2020-04-11 22:30:49,105 INFO 5261 [egg-watcher:application] watcher start success
2020-04-11 22:30:49,113 INFO 5261 [egg:core] dump config after ready, 6ms
2020-04-11 22:30:52,645 INFO 5263 [egg:logger] init all loggers with options: {"dir":"/Users/tianjing/Desktop/courses/笔记/22课 egg实战 （2019.6.25）/egg-server-pra/logs/egg-server","encoding":"utf8","env":"local","level":"INFO","consoleLevel":"INFO","disableConsoleAfterReady":false,"outputJSON":false,"buffer":true,"appLogName":"egg-server-web.log","coreLogName":"egg-web.log","agentLogName":"egg-agent.log","errorLogName":"common-error.log","coreLogger":{"consoleLevel":"WARN"},"allowDebugAtProd":false,"type":"application"}
2020-04-11 22:30:52,692 INFO 5263 [egg-multipart] stream mode enable
2020-04-11 22:30:52,752 INFO 5263 [egg-static] starting static serve /public/ -> /Users/tianjing/Desktop/courses/笔记/22课 egg实战 （2019.6.25）/egg-server-pra/app/public
2020-04-11 22:30:52,756 INFO 5263 [egg-security] use csrf middleware
2020-04-11 22:30:52,757 INFO 5263 [egg-security] use methodnoallow middleware
2020-04-11 22:30:52,758 INFO 5263 [egg-security] use noopen middleware
2020-04-11 22:30:52,758 INFO 5263 [egg-security] use nosniff middleware
2020-04-11 22:30:52,759 INFO 5263 [egg-security] use xssProtection middleware
2020-04-11 22:30:52,759 INFO 5263 [egg-security] use xframe middleware
2020-04-11 22:30:52,760 INFO 5263 [egg-security] use dta middleware
2020-04-11 22:30:52,760 INFO 5263 [egg-security] compose 7 middlewares into one security middleware
2020-04-11 22:30:52,768 INFO 5263 [egg:core] dump config after load, 5ms
2020-04-11 22:30:52,777 INFO 5263 [egg-watcher:application] watcher start success
2020-04-11 22:30:52,783 INFO 5263 [egg:core] dump config after ready, 3ms
2020-04-11 22:31:05,133 INFO 5266 [egg:logger] init all loggers with options: {"dir":"/Users/tianjing/Desktop/courses/笔记/22课 egg实战 （2019.6.25）/egg-server-pra/logs/egg-server","encoding":"utf8","env":"local","level":"INFO","consoleLevel":"INFO","disableConsoleAfterReady":false,"outputJSON":false,"buffer":true,"appLogName":"egg-server-web.log","coreLogName":"egg-web.log","agentLogName":"egg-agent.log","errorLogName":"common-error.log","coreLogger":{"consoleLevel":"WARN"},"allowDebugAtProd":false,"type":"application"}
2020-04-11 22:31:05,173 INFO 5266 [egg-multipart] stream mode enable
2020-04-11 22:31:05,278 INFO 5266 [egg-static] starting static serve /public/ -> /Users/tianjing/Desktop/courses/笔记/22课 egg实战 （2019.6.25）/egg-server-pra/app/public
2020-04-11 22:31:05,282 INFO 5266 [egg-security] use csrf middleware
2020-04-11 22:31:05,283 INFO 5266 [egg-security] use methodnoallow middleware
2020-04-11 22:31:05,284 INFO 5266 [egg-security] use noopen middleware
2020-04-11 22:31:05,286 INFO 5266 [egg-security] use nosniff middleware
2020-04-11 22:31:05,287 INFO 5266 [egg-security] use xssProtection middleware
2020-04-11 22:31:05,288 INFO 5266 [egg-security] use xframe middleware
2020-04-11 22:31:05,290 INFO 5266 [egg-security] use dta middleware
2020-04-11 22:31:05,290 INFO 5266 [egg-security] compose 7 middlewares into one security middleware
2020-04-11 22:31:05,303 INFO 5266 [egg:core] dump config after load, 6ms
2020-04-11 22:31:05,320 INFO 5266 [egg-watcher:application] watcher start success
2020-04-11 22:31:05,327 INFO 5266 [egg:core] dump config after ready, 5ms
2020-04-11 22:31:06,276 INFO 5268 [egg:logger] init all loggers with options: {"dir":"/Users/tianjing/Desktop/courses/笔记/22课 egg实战 （2019.6.25）/egg-server-pra/logs/egg-server","encoding":"utf8","env":"local","level":"INFO","consoleLevel":"INFO","disableConsoleAfterReady":false,"outputJSON":false,"buffer":true,"appLogName":"egg-server-web.log","coreLogName":"egg-web.log","agentLogName":"egg-agent.log","errorLogName":"common-error.log","coreLogger":{"consoleLevel":"WARN"},"allowDebugAtProd":false,"type":"application"}
2020-04-11 22:31:06,309 INFO 5268 [egg-multipart] stream mode enable
2020-04-11 22:31:06,362 INFO 5268 [egg-static] starting static serve /public/ -> /Users/tianjing/Desktop/courses/笔记/22课 egg实战 （2019.6.25）/egg-server-pra/app/public
2020-04-11 22:31:06,365 INFO 5268 [egg-security] use csrf middleware
2020-04-11 22:31:06,366 INFO 5268 [egg-security] use methodnoallow middleware
2020-04-11 22:31:06,366 INFO 5268 [egg-security] use noopen middleware
2020-04-11 22:31:06,367 INFO 5268 [egg-security] use nosniff middleware
2020-04-11 22:31:06,367 INFO 5268 [egg-security] use xssProtection middleware
2020-04-11 22:31:06,368 INFO 5268 [egg-security] use xframe middleware
2020-04-11 22:31:06,368 INFO 5268 [egg-security] use dta middleware
2020-04-11 22:31:06,368 INFO 5268 [egg-security] compose 7 middlewares into one security middleware
2020-04-11 22:31:06,378 INFO 5268 [egg:core] dump config after load, 5ms
2020-04-11 22:31:06,391 INFO 5268 [egg-watcher:application] watcher start success
2020-04-11 22:31:06,399 INFO 5268 [egg:core] dump config after ready, 6ms
2020-04-11 22:32:01,073 INFO 5278 [egg:logger] init all loggers with options: {"dir":"/Users/tianjing/Desktop/courses/笔记/22课 egg实战 （2019.6.25）/egg-server-pra/logs/egg-server","encoding":"utf8","env":"local","level":"INFO","consoleLevel":"INFO","disableConsoleAfterReady":false,"outputJSON":false,"buffer":true,"appLogName":"egg-server-web.log","coreLogName":"egg-web.log","agentLogName":"egg-agent.log","errorLogName":"common-error.log","coreLogger":{"consoleLevel":"WARN"},"allowDebugAtProd":false,"type":"application"}
2020-04-11 22:32:01,094 INFO 5278 [egg-multipart] stream mode enable
2020-04-11 22:32:01,126 INFO 5278 [egg-static] starting static serve /public/ -> /Users/tianjing/Desktop/courses/笔记/22课 egg实战 （2019.6.25）/egg-server-pra/app/public
2020-04-11 22:32:01,128 INFO 5278 [egg-security] use csrf middleware
2020-04-11 22:32:01,129 INFO 5278 [egg-security] use methodnoallow middleware
2020-04-11 22:32:01,129 INFO 5278 [egg-security] use noopen middleware
2020-04-11 22:32:01,129 INFO 5278 [egg-security] use nosniff middleware
2020-04-11 22:32:01,130 INFO 5278 [egg-security] use xssProtection middleware
2020-04-11 22:32:01,130 INFO 5278 [egg-security] use xframe middleware
2020-04-11 22:32:01,130 INFO 5278 [egg-security] use dta middleware
2020-04-11 22:32:01,130 INFO 5278 [egg-security] compose 7 middlewares into one security middleware
2020-04-11 22:32:01,137 INFO 5278 [egg:core] dump config after load, 4ms
2020-04-11 22:32:01,146 INFO 5278 [egg-watcher:application] watcher start success
2020-04-11 22:32:01,152 INFO 5278 [egg:core] dump config after ready, 4ms
2020-04-11 22:33:52,146 INFO 5291 [egg:logger] init all loggers with options: {"dir":"/Users/tianjing/Desktop/courses/笔记/22课 egg实战 （2019.6.25）/egg-server-pra/logs/egg-server","encoding":"utf8","env":"local","level":"INFO","consoleLevel":"INFO","disableConsoleAfterReady":false,"outputJSON":false,"buffer":true,"appLogName":"egg-server-web.log","coreLogName":"egg-web.log","agentLogName":"egg-agent.log","errorLogName":"common-error.log","coreLogger":{"consoleLevel":"WARN"},"allowDebugAtProd":false,"type":"application"}
2020-04-11 22:33:52,189 INFO 5291 [egg-multipart] stream mode enable
2020-04-11 22:33:52,304 INFO 5291 [egg-static] starting static serve /public/ -> /Users/tianjing/Desktop/courses/笔记/22课 egg实战 （2019.6.25）/egg-server-pra/app/public
2020-04-11 22:33:52,307 INFO 5291 [egg-security] use csrf middleware
2020-04-11 22:33:52,309 INFO 5291 [egg-security] use methodnoallow middleware
2020-04-11 22:33:52,310 INFO 5291 [egg-security] use noopen middleware
2020-04-11 22:33:52,312 INFO 5291 [egg-security] use nosniff middleware
2020-04-11 22:33:52,313 INFO 5291 [egg-security] use xssProtection middleware
2020-04-11 22:33:52,315 INFO 5291 [egg-security] use xframe middleware
2020-04-11 22:33:52,316 INFO 5291 [egg-security] use dta middleware
2020-04-11 22:33:52,316 INFO 5291 [egg-security] compose 7 middlewares into one security middleware
2020-04-11 22:33:52,331 INFO 5291 [egg:core] dump config after load, 7ms
2020-04-11 22:33:52,343 INFO 5291 [egg-watcher:application] watcher start success
2020-04-11 22:33:52,349 INFO 5291 [egg:core] dump config after ready, 4ms
2020-04-11 22:33:53,256 INFO 5292 [egg:logger] init all loggers with options: {"dir":"/Users/tianjing/Desktop/courses/笔记/22课 egg实战 （2019.6.25）/egg-server-pra/logs/egg-server","encoding":"utf8","env":"local","level":"INFO","consoleLevel":"INFO","disableConsoleAfterReady":false,"outputJSON":false,"buffer":true,"appLogName":"egg-server-web.log","coreLogName":"egg-web.log","agentLogName":"egg-agent.log","errorLogName":"common-error.log","coreLogger":{"consoleLevel":"WARN"},"allowDebugAtProd":false,"type":"application"}
2020-04-11 22:33:53,286 INFO 5292 [egg-multipart] stream mode enable
2020-04-11 22:33:53,330 INFO 5292 [egg-static] starting static serve /public/ -> /Users/tianjing/Desktop/courses/笔记/22课 egg实战 （2019.6.25）/egg-server-pra/app/public
2020-04-11 22:33:53,332 INFO 5292 [egg-security] use csrf middleware
2020-04-11 22:33:53,333 INFO 5292 [egg-security] use methodnoallow middleware
2020-04-11 22:33:53,333 INFO 5292 [egg-security] use noopen middleware
2020-04-11 22:33:53,334 INFO 5292 [egg-security] use nosniff middleware
2020-04-11 22:33:53,334 INFO 5292 [egg-security] use xssProtection middleware
2020-04-11 22:33:53,335 INFO 5292 [egg-security] use xframe middleware
2020-04-11 22:33:53,335 INFO 5292 [egg-security] use dta middleware
2020-04-11 22:33:53,335 INFO 5292 [egg-security] compose 7 middlewares into one security middleware
2020-04-11 22:33:53,345 INFO 5292 [egg:core] dump config after load, 5ms
2020-04-11 22:33:53,356 INFO 5292 [egg-watcher:application] watcher start success
2020-04-11 22:33:53,365 INFO 5292 [egg:core] dump config after ready, 6ms
2020-04-11 22:33:58,477 INFO 5293 [egg:logger] init all loggers with options: {"dir":"/Users/tianjing/Desktop/courses/笔记/22课 egg实战 （2019.6.25）/egg-server-pra/logs/egg-server","encoding":"utf8","env":"local","level":"INFO","consoleLevel":"INFO","disableConsoleAfterReady":false,"outputJSON":false,"buffer":true,"appLogName":"egg-server-web.log","coreLogName":"egg-web.log","agentLogName":"egg-agent.log","errorLogName":"common-error.log","coreLogger":{"consoleLevel":"WARN"},"allowDebugAtProd":false,"type":"application"}
2020-04-11 22:33:58,507 INFO 5293 [egg-multipart] stream mode enable
2020-04-11 22:33:58,547 INFO 5293 [egg-static] starting static serve /public/ -> /Users/tianjing/Desktop/courses/笔记/22课 egg实战 （2019.6.25）/egg-server-pra/app/public
2020-04-11 22:33:58,549 INFO 5293 [egg-security] use csrf middleware
2020-04-11 22:33:58,550 INFO 5293 [egg-security] use methodnoallow middleware
2020-04-11 22:33:58,550 INFO 5293 [egg-security] use noopen middleware
2020-04-11 22:33:58,551 INFO 5293 [egg-security] use nosniff middleware
2020-04-11 22:33:58,551 INFO 5293 [egg-security] use xssProtection middleware
2020-04-11 22:33:58,551 INFO 5293 [egg-security] use xframe middleware
2020-04-11 22:33:58,552 INFO 5293 [egg-security] use dta middleware
2020-04-11 22:33:58,552 INFO 5293 [egg-security] compose 7 middlewares into one security middleware
2020-04-11 22:33:58,560 INFO 5293 [egg:core] dump config after load, 5ms
2020-04-11 22:33:58,570 INFO 5293 [egg-watcher:application] watcher start success
2020-04-11 22:33:58,576 INFO 5293 [egg:core] dump config after ready, 5ms
2020-04-11 22:33:59,400 INFO 5294 [egg:logger] init all loggers with options: {"dir":"/Users/tianjing/Desktop/courses/笔记/22课 egg实战 （2019.6.25）/egg-server-pra/logs/egg-server","encoding":"utf8","env":"local","level":"INFO","consoleLevel":"INFO","disableConsoleAfterReady":false,"outputJSON":false,"buffer":true,"appLogName":"egg-server-web.log","coreLogName":"egg-web.log","agentLogName":"egg-agent.log","errorLogName":"common-error.log","coreLogger":{"consoleLevel":"WARN"},"allowDebugAtProd":false,"type":"application"}
2020-04-11 22:33:59,432 INFO 5294 [egg-multipart] stream mode enable
2020-04-11 22:33:59,490 INFO 5294 [egg-static] starting static serve /public/ -> /Users/tianjing/Desktop/courses/笔记/22课 egg实战 （2019.6.25）/egg-server-pra/app/public
2020-04-11 22:33:59,493 INFO 5294 [egg-security] use csrf middleware
2020-04-11 22:33:59,494 INFO 5294 [egg-security] use methodnoallow middleware
2020-04-11 22:33:59,494 INFO 5294 [egg-security] use noopen middleware
2020-04-11 22:33:59,495 INFO 5294 [egg-security] use nosniff middleware
2020-04-11 22:33:59,495 INFO 5294 [egg-security] use xssProtection middleware
2020-04-11 22:33:59,496 INFO 5294 [egg-security] use xframe middleware
2020-04-11 22:33:59,496 INFO 5294 [egg-security] use dta middleware
2020-04-11 22:33:59,496 INFO 5294 [egg-security] compose 7 middlewares into one security middleware
2020-04-11 22:33:59,507 INFO 5294 [egg:core] dump config after load, 6ms
2020-04-11 22:33:59,524 INFO 5294 [egg-watcher:application] watcher start success
2020-04-11 22:34:00,629 INFO 5295 [egg:logger] init all loggers with options: {"dir":"/Users/tianjing/Desktop/courses/笔记/22课 egg实战 （2019.6.25）/egg-server-pra/logs/egg-server","encoding":"utf8","env":"local","level":"INFO","consoleLevel":"INFO","disableConsoleAfterReady":false,"outputJSON":false,"buffer":true,"appLogName":"egg-server-web.log","coreLogName":"egg-web.log","agentLogName":"egg-agent.log","errorLogName":"common-error.log","coreLogger":{"consoleLevel":"WARN"},"allowDebugAtProd":false,"type":"application"}
2020-04-11 22:34:00,653 INFO 5295 [egg-multipart] stream mode enable
2020-04-11 22:34:00,695 INFO 5295 [egg-static] starting static serve /public/ -> /Users/tianjing/Desktop/courses/笔记/22课 egg实战 （2019.6.25）/egg-server-pra/app/public
2020-04-11 22:34:00,697 INFO 5295 [egg-security] use csrf middleware
2020-04-11 22:34:00,698 INFO 5295 [egg-security] use methodnoallow middleware
2020-04-11 22:34:00,698 INFO 5295 [egg-security] use noopen middleware
2020-04-11 22:34:00,699 INFO 5295 [egg-security] use nosniff middleware
2020-04-11 22:34:00,699 INFO 5295 [egg-security] use xssProtection middleware
2020-04-11 22:34:00,699 INFO 5295 [egg-security] use xframe middleware
2020-04-11 22:34:00,700 INFO 5295 [egg-security] use dta middleware
2020-04-11 22:34:00,700 INFO 5295 [egg-security] compose 7 middlewares into one security middleware
2020-04-11 22:34:00,708 INFO 5295 [egg:core] dump config after load, 4ms
2020-04-11 22:34:00,719 INFO 5295 [egg-watcher:application] watcher start success
2020-04-11 22:34:00,726 INFO 5295 [egg:core] dump config after ready, 5ms
2020-04-11 22:34:00,696 INFO 5296 [egg:logger] init all loggers with options: {"dir":"/Users/tianjing/Desktop/courses/笔记/22课 egg实战 （2019.6.25）/egg-server-pra/logs/egg-server","encoding":"utf8","env":"local","level":"INFO","consoleLevel":"INFO","disableConsoleAfterReady":false,"outputJSON":false,"buffer":true,"appLogName":"egg-server-web.log","coreLogName":"egg-web.log","agentLogName":"egg-agent.log","errorLogName":"common-error.log","coreLogger":{"consoleLevel":"WARN"},"allowDebugAtProd":false,"type":"application"}
2020-04-11 22:34:00,722 INFO 5296 [egg-multipart] stream mode enable
2020-04-11 22:34:00,765 INFO 5296 [egg-static] starting static serve /public/ -> /Users/tianjing/Desktop/courses/笔记/22课 egg实战 （2019.6.25）/egg-server-pra/app/public
2020-04-11 22:34:00,769 INFO 5296 [egg-security] use csrf middleware
2020-04-11 22:34:00,770 INFO 5296 [egg-security] use methodnoallow middleware
2020-04-11 22:34:00,770 INFO 5296 [egg-security] use noopen middleware
2020-04-11 22:34:00,771 INFO 5296 [egg-security] use nosniff middleware
2020-04-11 22:34:00,771 INFO 5296 [egg-security] use xssProtection middleware
2020-04-11 22:34:00,772 INFO 5296 [egg-security] use xframe middleware
2020-04-11 22:34:00,772 INFO 5296 [egg-security] use dta middleware
2020-04-11 22:34:00,772 INFO 5296 [egg-security] compose 7 middlewares into one security middleware
2020-04-11 22:34:00,782 INFO 5296 [egg:core] dump config after load, 6ms
2020-04-11 22:34:00,793 INFO 5296 [egg-watcher:application] watcher start success
2020-04-11 22:34:00,799 INFO 5296 [egg:core] dump config after ready, 4ms
2020-04-11 22:34:03,832 INFO 5297 [egg:logger] init all loggers with options: {"dir":"/Users/tianjing/Desktop/courses/笔记/22课 egg实战 （2019.6.25）/egg-server-pra/logs/egg-server","encoding":"utf8","env":"local","level":"INFO","consoleLevel":"INFO","disableConsoleAfterReady":false,"outputJSON":false,"buffer":true,"appLogName":"egg-server-web.log","coreLogName":"egg-web.log","agentLogName":"egg-agent.log","errorLogName":"common-error.log","coreLogger":{"consoleLevel":"WARN"},"allowDebugAtProd":false,"type":"application"}
2020-04-11 22:34:03,856 INFO 5297 [egg-multipart] stream mode enable
2020-04-11 22:34:03,896 INFO 5297 [egg-static] starting static serve /public/ -> /Users/tianjing/Desktop/courses/笔记/22课 egg实战 （2019.6.25）/egg-server-pra/app/public
2020-04-11 22:34:03,898 INFO 5297 [egg-security] use csrf middleware
2020-04-11 22:34:03,899 INFO 5297 [egg-security] use methodnoallow middleware
2020-04-11 22:34:03,899 INFO 5297 [egg-security] use noopen middleware
2020-04-11 22:34:03,900 INFO 5297 [egg-security] use nosniff middleware
2020-04-11 22:34:03,900 INFO 5297 [egg-security] use xssProtection middleware
2020-04-11 22:34:03,900 INFO 5297 [egg-security] use xframe middleware
2020-04-11 22:34:03,901 INFO 5297 [egg-security] use dta middleware
2020-04-11 22:34:03,901 INFO 5297 [egg-security] compose 7 middlewares into one security middleware
2020-04-11 22:34:03,909 INFO 5297 [egg:core] dump config after load, 4ms
2020-04-11 22:34:03,923 INFO 5297 [egg-watcher:application] watcher start success
2020-04-11 22:34:03,929 INFO 5297 [egg:core] dump config after ready, 4ms
2020-04-11 22:34:11,390 INFO 5298 [egg:logger] init all loggers with options: {"dir":"/Users/tianjing/Desktop/courses/笔记/22课 egg实战 （2019.6.25）/egg-server-pra/logs/egg-server","encoding":"utf8","env":"local","level":"INFO","consoleLevel":"INFO","disableConsoleAfterReady":false,"outputJSON":false,"buffer":true,"appLogName":"egg-server-web.log","coreLogName":"egg-web.log","agentLogName":"egg-agent.log","errorLogName":"common-error.log","coreLogger":{"consoleLevel":"WARN"},"allowDebugAtProd":false,"type":"application"}
2020-04-11 22:34:11,419 INFO 5298 [egg-multipart] stream mode enable
2020-04-11 22:34:11,460 INFO 5298 [egg-static] starting static serve /public/ -> /Users/tianjing/Desktop/courses/笔记/22课 egg实战 （2019.6.25）/egg-server-pra/app/public
2020-04-11 22:34:11,462 INFO 5298 [egg-security] use csrf middleware
2020-04-11 22:34:11,463 INFO 5298 [egg-security] use methodnoallow middleware
2020-04-11 22:34:11,463 INFO 5298 [egg-security] use noopen middleware
2020-04-11 22:34:11,464 INFO 5298 [egg-security] use nosniff middleware
2020-04-11 22:34:11,464 INFO 5298 [egg-security] use xssProtection middleware
2020-04-11 22:34:11,464 INFO 5298 [egg-security] use xframe middleware
2020-04-11 22:34:11,465 INFO 5298 [egg-security] use dta middleware
2020-04-11 22:34:11,465 INFO 5298 [egg-security] compose 7 middlewares into one security middleware
2020-04-11 22:34:11,473 INFO 5298 [egg:core] dump config after load, 4ms
2020-04-11 22:34:11,482 INFO 5298 [egg-watcher:application] watcher start success
2020-04-11 22:34:11,489 INFO 5298 [egg:core] dump config after ready, 5ms
2020-04-11 22:34:13,893 INFO 5299 [egg:logger] init all loggers with options: {"dir":"/Users/tianjing/Desktop/courses/笔记/22课 egg实战 （2019.6.25）/egg-server-pra/logs/egg-server","encoding":"utf8","env":"local","level":"INFO","consoleLevel":"INFO","disableConsoleAfterReady":false,"outputJSON":false,"buffer":true,"appLogName":"egg-server-web.log","coreLogName":"egg-web.log","agentLogName":"egg-agent.log","errorLogName":"common-error.log","coreLogger":{"consoleLevel":"WARN"},"allowDebugAtProd":false,"type":"application"}
2020-04-11 22:34:13,919 INFO 5299 [egg-multipart] stream mode enable
2020-04-11 22:34:13,960 INFO 5299 [egg-static] starting static serve /public/ -> /Users/tianjing/Desktop/courses/笔记/22课 egg实战 （2019.6.25）/egg-server-pra/app/public
2020-04-11 22:34:13,963 INFO 5299 [egg-security] use csrf middleware
2020-04-11 22:34:13,963 INFO 5299 [egg-security] use methodnoallow middleware
2020-04-11 22:34:13,964 INFO 5299 [egg-security] use noopen middleware
2020-04-11 22:34:13,964 INFO 5299 [egg-security] use nosniff middleware
2020-04-11 22:34:13,965 INFO 5299 [egg-security] use xssProtection middleware
2020-04-11 22:34:13,965 INFO 5299 [egg-security] use xframe middleware
2020-04-11 22:34:13,965 INFO 5299 [egg-security] use dta middleware
2020-04-11 22:34:13,965 INFO 5299 [egg-security] compose 7 middlewares into one security middleware
2020-04-11 22:34:13,974 INFO 5299 [egg:core] dump config after load, 5ms
2020-04-11 22:34:13,986 INFO 5299 [egg-watcher:application] watcher start success
2020-04-11 22:34:13,996 INFO 5299 [egg:core] dump config after ready, 7ms
2020-04-11 22:34:21,268 INFO 5300 [egg:logger] init all loggers with options: {"dir":"/Users/tianjing/Desktop/courses/笔记/22课 egg实战 （2019.6.25）/egg-server-pra/logs/egg-server","encoding":"utf8","env":"local","level":"INFO","consoleLevel":"INFO","disableConsoleAfterReady":false,"outputJSON":false,"buffer":true,"appLogName":"egg-server-web.log","coreLogName":"egg-web.log","agentLogName":"egg-agent.log","errorLogName":"common-error.log","coreLogger":{"consoleLevel":"WARN"},"allowDebugAtProd":false,"type":"application"}
2020-04-11 22:34:21,290 INFO 5300 [egg-multipart] stream mode enable
2020-04-11 22:34:21,324 INFO 5300 [egg-static] starting static serve /public/ -> /Users/tianjing/Desktop/courses/笔记/22课 egg实战 （2019.6.25）/egg-server-pra/app/public
2020-04-11 22:34:21,326 INFO 5300 [egg-security] use csrf middleware
2020-04-11 22:34:21,327 INFO 5300 [egg-security] use methodnoallow middleware
2020-04-11 22:34:21,327 INFO 5300 [egg-security] use noopen middleware
2020-04-11 22:34:21,327 INFO 5300 [egg-security] use nosniff middleware
2020-04-11 22:34:21,328 INFO 5300 [egg-security] use xssProtection middleware
2020-04-11 22:34:21,328 INFO 5300 [egg-security] use xframe middleware
2020-04-11 22:34:21,328 INFO 5300 [egg-security] use dta middleware
2020-04-11 22:34:21,328 INFO 5300 [egg-security] compose 7 middlewares into one security middleware
2020-04-11 22:34:21,336 INFO 5300 [egg:core] dump config after load, 4ms
2020-04-11 22:34:21,346 INFO 5300 [egg-watcher:application] watcher start success
2020-04-11 22:34:21,355 INFO 5300 [egg:core] dump config after ready, 7ms
2020-04-11 22:34:27,637 INFO 5303 [egg:logger] init all loggers with options: {"dir":"/Users/tianjing/Desktop/courses/笔记/22课 egg实战 （2019.6.25）/egg-server-pra/logs/egg-server","encoding":"utf8","env":"local","level":"INFO","consoleLevel":"INFO","disableConsoleAfterReady":false,"outputJSON":false,"buffer":true,"appLogName":"egg-server-web.log","coreLogName":"egg-web.log","agentLogName":"egg-agent.log","errorLogName":"common-error.log","coreLogger":{"consoleLevel":"WARN"},"allowDebugAtProd":false,"type":"application"}
2020-04-11 22:34:27,663 INFO 5303 [egg-multipart] stream mode enable
2020-04-11 22:34:27,702 INFO 5303 [egg-static] starting static serve /public/ -> /Users/tianjing/Desktop/courses/笔记/22课 egg实战 （2019.6.25）/egg-server-pra/app/public
2020-04-11 22:34:27,704 INFO 5303 [egg-security] use csrf middleware
2020-04-11 22:34:27,705 INFO 5303 [egg-security] use methodnoallow middleware
2020-04-11 22:34:27,705 INFO 5303 [egg-security] use noopen middleware
2020-04-11 22:34:27,705 INFO 5303 [egg-security] use nosniff middleware
2020-04-11 22:34:27,706 INFO 5303 [egg-security] use xssProtection middleware
2020-04-11 22:34:27,706 INFO 5303 [egg-security] use xframe middleware
2020-04-11 22:34:27,707 INFO 5303 [egg-security] use dta middleware
2020-04-11 22:34:27,707 INFO 5303 [egg-security] compose 7 middlewares into one security middleware
2020-04-11 22:34:27,716 INFO 5303 [egg:core] dump config after load, 5ms
2020-04-11 22:34:27,727 INFO 5303 [egg-watcher:application] watcher start success
2020-04-11 22:34:27,733 INFO 5303 [egg:core] dump config after ready, 4ms
2020-04-11 22:34:58,191 INFO 5307 [egg:logger] init all loggers with options: {"dir":"/Users/tianjing/Desktop/courses/笔记/22课 egg实战 （2019.6.25）/egg-server-pra/logs/egg-server","encoding":"utf8","env":"local","level":"INFO","consoleLevel":"INFO","disableConsoleAfterReady":false,"outputJSON":false,"buffer":true,"appLogName":"egg-server-web.log","coreLogName":"egg-web.log","agentLogName":"egg-agent.log","errorLogName":"common-error.log","coreLogger":{"consoleLevel":"WARN"},"allowDebugAtProd":false,"type":"application"}
2020-04-11 22:34:58,213 INFO 5307 [egg-multipart] stream mode enable
2020-04-11 22:34:58,248 INFO 5307 [egg-static] starting static serve /public/ -> /Users/tianjing/Desktop/courses/笔记/22课 egg实战 （2019.6.25）/egg-server-pra/app/public
2020-04-11 22:34:58,251 INFO 5307 [egg-security] use csrf middleware
2020-04-11 22:34:58,252 INFO 5307 [egg-security] use methodnoallow middleware
2020-04-11 22:34:58,252 INFO 5307 [egg-security] use noopen middleware
2020-04-11 22:34:58,253 INFO 5307 [egg-security] use nosniff middleware
2020-04-11 22:34:58,253 INFO 5307 [egg-security] use xssProtection middleware
2020-04-11 22:34:58,253 INFO 5307 [egg-security] use xframe middleware
2020-04-11 22:34:58,254 INFO 5307 [egg-security] use dta middleware
2020-04-11 22:34:58,254 INFO 5307 [egg-security] compose 7 middlewares into one security middleware
2020-04-11 22:34:58,262 INFO 5307 [egg:core] dump config after load, 4ms
2020-04-11 22:34:58,271 INFO 5307 [egg-watcher:application] watcher start success
2020-04-11 22:34:58,278 INFO 5307 [egg:core] dump config after ready, 4ms
2020-04-11 22:36:23,029 INFO 5320 [egg:logger] init all loggers with options: {"dir":"/Users/tianjing/Desktop/courses/笔记/22课 egg实战 （2019.6.25）/egg-server-pra/logs/egg-server","encoding":"utf8","env":"local","level":"INFO","consoleLevel":"INFO","disableConsoleAfterReady":false,"outputJSON":false,"buffer":true,"appLogName":"egg-server-web.log","coreLogName":"egg-web.log","agentLogName":"egg-agent.log","errorLogName":"common-error.log","coreLogger":{"consoleLevel":"WARN"},"allowDebugAtProd":false,"type":"application"}
2020-04-11 22:36:23,069 INFO 5320 [egg-multipart] stream mode enable
2020-04-11 22:36:23,185 INFO 5320 [egg-static] starting static serve /public/ -> /Users/tianjing/Desktop/courses/笔记/22课 egg实战 （2019.6.25）/egg-server-pra/app/public
2020-04-11 22:36:23,190 INFO 5320 [egg-security] use csrf middleware
2020-04-11 22:36:23,192 INFO 5320 [egg-security] use methodnoallow middleware
2020-04-11 22:36:23,193 INFO 5320 [egg-security] use noopen middleware
2020-04-11 22:36:23,195 INFO 5320 [egg-security] use nosniff middleware
2020-04-11 22:36:23,197 INFO 5320 [egg-security] use xssProtection middleware
2020-04-11 22:36:23,198 INFO 5320 [egg-security] use xframe middleware
2020-04-11 22:36:23,200 INFO 5320 [egg-security] use dta middleware
2020-04-11 22:36:23,200 INFO 5320 [egg-security] compose 7 middlewares into one security middleware
2020-04-11 22:36:23,215 INFO 5320 [egg:core] dump config after load, 8ms
2020-04-11 22:36:23,230 INFO 5320 [egg-watcher:application] watcher start success
2020-04-11 22:36:23,240 INFO 5320 [egg:core] dump config after ready, 6ms
2020-04-11 22:36:25,153 INFO 5321 [egg:logger] init all loggers with options: {"dir":"/Users/tianjing/Desktop/courses/笔记/22课 egg实战 （2019.6.25）/egg-server-pra/logs/egg-server","encoding":"utf8","env":"local","level":"INFO","consoleLevel":"INFO","disableConsoleAfterReady":false,"outputJSON":false,"buffer":true,"appLogName":"egg-server-web.log","coreLogName":"egg-web.log","agentLogName":"egg-agent.log","errorLogName":"common-error.log","coreLogger":{"consoleLevel":"WARN"},"allowDebugAtProd":false,"type":"application"}
2020-04-11 22:36:25,186 INFO 5321 [egg-multipart] stream mode enable
2020-04-11 22:36:25,240 INFO 5321 [egg-static] starting static serve /public/ -> /Users/tianjing/Desktop/courses/笔记/22课 egg实战 （2019.6.25）/egg-server-pra/app/public
2020-04-11 22:36:25,242 INFO 5321 [egg-security] use csrf middleware
2020-04-11 22:36:25,243 INFO 5321 [egg-security] use methodnoallow middleware
2020-04-11 22:36:25,244 INFO 5321 [egg-security] use noopen middleware
2020-04-11 22:36:25,245 INFO 5321 [egg-security] use nosniff middleware
2020-04-11 22:36:25,246 INFO 5321 [egg-security] use xssProtection middleware
2020-04-11 22:36:25,247 INFO 5321 [egg-security] use xframe middleware
2020-04-11 22:36:25,248 INFO 5321 [egg-security] use dta middleware
2020-04-11 22:36:25,248 INFO 5321 [egg-security] compose 7 middlewares into one security middleware
2020-04-11 22:36:25,258 INFO 5321 [egg:core] dump config after load, 5ms
2020-04-11 22:36:25,270 INFO 5321 [egg-watcher:application] watcher start success
2020-04-11 22:36:25,282 INFO 5321 [egg:core] dump config after ready, 9ms
2020-04-11 22:37:00,123 INFO 5326 [egg:logger] init all loggers with options: {"dir":"/Users/tianjing/Desktop/courses/笔记/22课 egg实战 （2019.6.25）/egg-server-pra/logs/egg-server","encoding":"utf8","env":"local","level":"INFO","consoleLevel":"INFO","disableConsoleAfterReady":false,"outputJSON":false,"buffer":true,"appLogName":"egg-server-web.log","coreLogName":"egg-web.log","agentLogName":"egg-agent.log","errorLogName":"common-error.log","coreLogger":{"consoleLevel":"WARN"},"allowDebugAtProd":false,"type":"application"}
2020-04-11 22:37:00,165 INFO 5326 [egg-multipart] stream mode enable
2020-04-11 22:37:00,278 INFO 5326 [egg-static] starting static serve /public/ -> /Users/tianjing/Desktop/courses/笔记/22课 egg实战 （2019.6.25）/egg-server-pra/app/public
2020-04-11 22:37:00,281 INFO 5326 [egg-security] use csrf middleware
2020-04-11 22:37:00,283 INFO 5326 [egg-security] use methodnoallow middleware
2020-04-11 22:37:00,284 INFO 5326 [egg-security] use noopen middleware
2020-04-11 22:37:00,286 INFO 5326 [egg-security] use nosniff middleware
2020-04-11 22:37:00,288 INFO 5326 [egg-security] use xssProtection middleware
2020-04-11 22:37:00,289 INFO 5326 [egg-security] use xframe middleware
2020-04-11 22:37:00,291 INFO 5326 [egg-security] use dta middleware
2020-04-11 22:37:00,291 INFO 5326 [egg-security] compose 7 middlewares into one security middleware
2020-04-11 22:37:00,304 INFO 5326 [egg:core] dump config after load, 6ms
2020-04-11 22:37:00,318 INFO 5326 [egg-watcher:application] watcher start success
2020-04-11 22:37:00,326 INFO 5326 [egg:core] dump config after ready, 6ms
2020-04-11 22:37:01,372 INFO 5328 [egg:logger] init all loggers with options: {"dir":"/Users/tianjing/Desktop/courses/笔记/22课 egg实战 （2019.6.25）/egg-server-pra/logs/egg-server","encoding":"utf8","env":"local","level":"INFO","consoleLevel":"INFO","disableConsoleAfterReady":false,"outputJSON":false,"buffer":true,"appLogName":"egg-server-web.log","coreLogName":"egg-web.log","agentLogName":"egg-agent.log","errorLogName":"common-error.log","coreLogger":{"consoleLevel":"WARN"},"allowDebugAtProd":false,"type":"application"}
2020-04-11 22:37:01,408 INFO 5328 [egg-multipart] stream mode enable
2020-04-11 22:37:01,462 INFO 5328 [egg-static] starting static serve /public/ -> /Users/tianjing/Desktop/courses/笔记/22课 egg实战 （2019.6.25）/egg-server-pra/app/public
2020-04-11 22:37:01,465 INFO 5328 [egg-security] use csrf middleware
2020-04-11 22:37:01,466 INFO 5328 [egg-security] use methodnoallow middleware
2020-04-11 22:37:01,467 INFO 5328 [egg-security] use noopen middleware
2020-04-11 22:37:01,467 INFO 5328 [egg-security] use nosniff middleware
2020-04-11 22:37:01,468 INFO 5328 [egg-security] use xssProtection middleware
2020-04-11 22:37:01,468 INFO 5328 [egg-security] use xframe middleware
2020-04-11 22:37:01,469 INFO 5328 [egg-security] use dta middleware
2020-04-11 22:37:01,469 INFO 5328 [egg-security] compose 7 middlewares into one security middleware
2020-04-11 22:37:01,478 INFO 5328 [egg:core] dump config after load, 5ms
2020-04-11 22:37:01,490 INFO 5328 [egg-watcher:application] watcher start success
2020-04-11 22:37:01,498 INFO 5328 [egg:core] dump config after ready, 6ms
2020-04-11 22:37:07,660 INFO 5329 [egg:logger] init all loggers with options: {"dir":"/Users/tianjing/Desktop/courses/笔记/22课 egg实战 （2019.6.25）/egg-server-pra/logs/egg-server","encoding":"utf8","env":"local","level":"INFO","consoleLevel":"INFO","disableConsoleAfterReady":false,"outputJSON":false,"buffer":true,"appLogName":"egg-server-web.log","coreLogName":"egg-web.log","agentLogName":"egg-agent.log","errorLogName":"common-error.log","coreLogger":{"consoleLevel":"WARN"},"allowDebugAtProd":false,"type":"application"}
2020-04-11 22:37:07,722 INFO 5329 [egg-multipart] stream mode enable
2020-04-11 22:37:07,765 INFO 5329 [egg-static] starting static serve /public/ -> /Users/tianjing/Desktop/courses/笔记/22课 egg实战 （2019.6.25）/egg-server-pra/app/public
2020-04-11 22:37:07,767 INFO 5329 [egg-security] use csrf middleware
2020-04-11 22:37:07,768 INFO 5329 [egg-security] use methodnoallow middleware
2020-04-11 22:37:07,768 INFO 5329 [egg-security] use noopen middleware
2020-04-11 22:37:07,769 INFO 5329 [egg-security] use nosniff middleware
2020-04-11 22:37:07,769 INFO 5329 [egg-security] use xssProtection middleware
2020-04-11 22:37:07,770 INFO 5329 [egg-security] use xframe middleware
2020-04-11 22:37:07,770 INFO 5329 [egg-security] use dta middleware
2020-04-11 22:37:07,770 INFO 5329 [egg-security] compose 7 middlewares into one security middleware
2020-04-11 22:37:07,779 INFO 5329 [egg:core] dump config after load, 5ms
2020-04-11 22:37:07,789 INFO 5329 [egg-watcher:application] watcher start success
2020-04-11 22:37:07,795 INFO 5329 [egg:core] dump config after ready, 4ms
2020-04-11 22:37:26,605 INFO 5330 [egg:logger] init all loggers with options: {"dir":"/Users/tianjing/Desktop/courses/笔记/22课 egg实战 （2019.6.25）/egg-server-pra/logs/egg-server","encoding":"utf8","env":"local","level":"INFO","consoleLevel":"INFO","disableConsoleAfterReady":false,"outputJSON":false,"buffer":true,"appLogName":"egg-server-web.log","coreLogName":"egg-web.log","agentLogName":"egg-agent.log","errorLogName":"common-error.log","coreLogger":{"consoleLevel":"WARN"},"allowDebugAtProd":false,"type":"application"}
2020-04-11 22:37:26,639 INFO 5330 [egg-multipart] stream mode enable
2020-04-11 22:37:26,727 INFO 5330 [egg-static] starting static serve /public/ -> /Users/tianjing/Desktop/courses/笔记/22课 egg实战 （2019.6.25）/egg-server-pra/app/public
2020-04-11 22:37:26,731 INFO 5330 [egg-security] use csrf middleware
2020-04-11 22:37:26,732 INFO 5330 [egg-security] use methodnoallow middleware
2020-04-11 22:37:26,733 INFO 5330 [egg-security] use noopen middleware
2020-04-11 22:37:26,735 INFO 5330 [egg-security] use nosniff middleware
2020-04-11 22:37:26,737 INFO 5330 [egg-security] use xssProtection middleware
2020-04-11 22:37:26,738 INFO 5330 [egg-security] use xframe middleware
2020-04-11 22:37:26,740 INFO 5330 [egg-security] use dta middleware
2020-04-11 22:37:26,740 INFO 5330 [egg-security] compose 7 middlewares into one security middleware
2020-04-11 22:37:26,753 INFO 5330 [egg:core] dump config after load, 5ms
2020-04-11 22:37:26,766 INFO 5330 [egg-watcher:application] watcher start success
2020-04-11 22:37:26,773 INFO 5330 [egg:core] dump config after ready, 5ms
2020-04-11 23:00:05,277 INFO 5556 [egg:logger] init all loggers with options: {"dir":"/Users/tianjing/Desktop/courses/笔记/22课 egg实战 （2019.6.25）/egg-server-pra/logs/egg-server","encoding":"utf8","env":"local","level":"INFO","consoleLevel":"INFO","disableConsoleAfterReady":false,"outputJSON":false,"buffer":true,"appLogName":"egg-server-web.log","coreLogName":"egg-web.log","agentLogName":"egg-agent.log","errorLogName":"common-error.log","coreLogger":{"consoleLevel":"WARN"},"allowDebugAtProd":false,"type":"application"}
2020-04-11 23:00:05,305 INFO 5556 [egg-multipart] stream mode enable
2020-04-11 23:00:05,380 INFO 5556 [egg-static] starting static serve /public/ -> /Users/tianjing/Desktop/courses/笔记/22课 egg实战 （2019.6.25）/egg-server-pra/app/public
2020-04-11 23:00:05,383 INFO 5556 [egg-security] use methodnoallow middleware
2020-04-11 23:00:05,389 INFO 5556 [egg-security] use noopen middleware
2020-04-11 23:00:05,391 INFO 5556 [egg-security] use nosniff middleware
2020-04-11 23:00:05,392 INFO 5556 [egg-security] use xssProtection middleware
2020-04-11 23:00:05,392 INFO 5556 [egg-security] use xframe middleware
2020-04-11 23:00:05,393 INFO 5556 [egg-security] use dta middleware
2020-04-11 23:00:05,393 INFO 5556 [egg-security] compose 6 middlewares into one security middleware
2020-04-11 23:00:05,406 INFO 5556 [egg:core] dump config after load, 5ms
2020-04-11 23:00:05,550 INFO 5556 [egg-watcher:application] watcher start success
2020-04-11 23:00:05,578 INFO 5556 [egg:core] dump config after ready, 24ms
2020-04-11 23:40:17,860 INFO 5846 [egg:logger] init all loggers with options: {"dir":"/Users/tianjing/Desktop/courses/笔记/22课 egg实战 （2019.6.25）/egg-server-pra/logs/egg-server","encoding":"utf8","env":"local","level":"INFO","consoleLevel":"INFO","disableConsoleAfterReady":false,"outputJSON":false,"buffer":true,"appLogName":"egg-server-web.log","coreLogName":"egg-web.log","agentLogName":"egg-agent.log","errorLogName":"common-error.log","coreLogger":{"consoleLevel":"WARN"},"allowDebugAtProd":false,"type":"application"}
2020-04-11 23:40:17,886 INFO 5846 [egg-multipart] stream mode enable
2020-04-11 23:40:17,960 INFO 5846 [egg-static] starting static serve /public/ -> /Users/tianjing/Desktop/courses/笔记/22课 egg实战 （2019.6.25）/egg-server-pra/app/public
2020-04-11 23:40:17,963 INFO 5846 [egg-security] use methodnoallow middleware
2020-04-11 23:40:17,964 INFO 5846 [egg-security] use noopen middleware
2020-04-11 23:40:17,965 INFO 5846 [egg-security] use nosniff middleware
2020-04-11 23:40:17,966 INFO 5846 [egg-security] use xssProtection middleware
2020-04-11 23:40:17,967 INFO 5846 [egg-security] use xframe middleware
2020-04-11 23:40:17,968 INFO 5846 [egg-security] use dta middleware
2020-04-11 23:40:17,968 INFO 5846 [egg-security] compose 6 middlewares into one security middleware
2020-04-11 23:40:17,980 INFO 5846 [egg:core] dump config after load, 6ms
2020-04-11 23:40:18,057 INFO 5846 [egg-watcher:application] watcher start success
2020-04-11 23:40:18,067 INFO 5846 [egg:core] dump config after ready, 8ms
2020-04-11 23:40:37,069 INFO 5851 [egg:logger] init all loggers with options: {"dir":"/Users/tianjing/Desktop/courses/笔记/22课 egg实战 （2019.6.25）/egg-server-pra/logs/egg-server","encoding":"utf8","env":"local","level":"INFO","consoleLevel":"INFO","disableConsoleAfterReady":false,"outputJSON":false,"buffer":true,"appLogName":"egg-server-web.log","coreLogName":"egg-web.log","agentLogName":"egg-agent.log","errorLogName":"common-error.log","coreLogger":{"consoleLevel":"WARN"},"allowDebugAtProd":false,"type":"application"}
2020-04-11 23:40:37,093 INFO 5851 [egg-multipart] stream mode enable
2020-04-11 23:40:37,128 INFO 5851 [egg-static] starting static serve /public/ -> /Users/tianjing/Desktop/courses/笔记/22课 egg实战 （2019.6.25）/egg-server-pra/app/public
2020-04-11 23:40:37,130 INFO 5851 [egg-security] use methodnoallow middleware
2020-04-11 23:40:37,130 INFO 5851 [egg-security] use noopen middleware
2020-04-11 23:40:37,131 INFO 5851 [egg-security] use nosniff middleware
2020-04-11 23:40:37,131 INFO 5851 [egg-security] use xssProtection middleware
2020-04-11 23:40:37,131 INFO 5851 [egg-security] use xframe middleware
2020-04-11 23:40:37,132 INFO 5851 [egg-security] use dta middleware
2020-04-11 23:40:37,132 INFO 5851 [egg-security] compose 6 middlewares into one security middleware
2020-04-11 23:40:37,140 INFO 5851 [egg:core] dump config after load, 5ms
2020-04-11 23:40:37,198 INFO 5851 [egg-watcher:application] watcher start success
2020-04-11 23:40:37,207 INFO 5851 [egg:core] dump config after ready, 6ms
2020-04-11 23:42:23,089 INFO 5859 [egg:logger] init all loggers with options: {"dir":"/Users/tianjing/Desktop/courses/笔记/22课 egg实战 （2019.6.25）/egg-server-pra/logs/egg-server","encoding":"utf8","env":"local","level":"INFO","consoleLevel":"INFO","disableConsoleAfterReady":false,"outputJSON":false,"buffer":true,"appLogName":"egg-server-web.log","coreLogName":"egg-web.log","agentLogName":"egg-agent.log","errorLogName":"common-error.log","coreLogger":{"consoleLevel":"WARN"},"allowDebugAtProd":false,"type":"application"}
2020-04-11 23:42:23,130 INFO 5859 [egg-multipart] stream mode enable
2020-04-11 23:42:23,249 INFO 5859 [egg-static] starting static serve /public/ -> /Users/tianjing/Desktop/courses/笔记/22课 egg实战 （2019.6.25）/egg-server-pra/app/public
2020-04-11 23:42:23,255 INFO 5859 [egg-security] use methodnoallow middleware
2020-04-11 23:42:23,257 INFO 5859 [egg-security] use noopen middleware
2020-04-11 23:42:23,259 INFO 5859 [egg-security] use nosniff middleware
2020-04-11 23:42:23,261 INFO 5859 [egg-security] use xssProtection middleware
2020-04-11 23:42:23,262 INFO 5859 [egg-security] use xframe middleware
2020-04-11 23:42:23,264 INFO 5859 [egg-security] use dta middleware
2020-04-11 23:42:23,264 INFO 5859 [egg-security] compose 6 middlewares into one security middleware
2020-04-11 23:42:23,285 INFO 5859 [egg:core] dump config after load, 11ms
2020-04-11 23:42:23,361 INFO 5859 [egg-watcher:application] watcher start success
2020-04-11 23:42:23,373 INFO 5859 [egg:core] dump config after ready, 9ms
2020-04-11 23:42:24,763 INFO 5860 [egg:logger] init all loggers with options: {"dir":"/Users/tianjing/Desktop/courses/笔记/22课 egg实战 （2019.6.25）/egg-server-pra/logs/egg-server","encoding":"utf8","env":"local","level":"INFO","consoleLevel":"INFO","disableConsoleAfterReady":false,"outputJSON":false,"buffer":true,"appLogName":"egg-server-web.log","coreLogName":"egg-web.log","agentLogName":"egg-agent.log","errorLogName":"common-error.log","coreLogger":{"consoleLevel":"WARN"},"allowDebugAtProd":false,"type":"application"}
2020-04-11 23:42:24,793 INFO 5860 [egg-multipart] stream mode enable
2020-04-11 23:42:24,874 INFO 5860 [egg-static] starting static serve /public/ -> /Users/tianjing/Desktop/courses/笔记/22课 egg实战 （2019.6.25）/egg-server-pra/app/public
2020-04-11 23:42:24,877 INFO 5860 [egg-security] use methodnoallow middleware
2020-04-11 23:42:24,878 INFO 5860 [egg-security] use noopen middleware
2020-04-11 23:42:24,878 INFO 5860 [egg-security] use nosniff middleware
2020-04-11 23:42:24,879 INFO 5860 [egg-security] use xssProtection middleware
2020-04-11 23:42:24,879 INFO 5860 [egg-security] use xframe middleware
2020-04-11 23:42:24,879 INFO 5860 [egg-security] use dta middleware
2020-04-11 23:42:24,879 INFO 5860 [egg-security] compose 6 middlewares into one security middleware
2020-04-11 23:42:24,904 INFO 5860 [egg:core] dump config after load, 6ms
2020-04-11 23:42:25,000 INFO 5860 [egg-watcher:application] watcher start success
2020-04-11 23:42:25,018 INFO 5860 [egg:core] dump config after ready, 10ms
2020-04-11 23:45:06,501 INFO 5869 [egg:logger] init all loggers with options: {"dir":"/Users/tianjing/Desktop/courses/笔记/22课 egg实战 （2019.6.25）/egg-server-pra/logs/egg-server","encoding":"utf8","env":"local","level":"INFO","consoleLevel":"INFO","disableConsoleAfterReady":false,"outputJSON":false,"buffer":true,"appLogName":"egg-server-web.log","coreLogName":"egg-web.log","agentLogName":"egg-agent.log","errorLogName":"common-error.log","coreLogger":{"consoleLevel":"WARN"},"allowDebugAtProd":false,"type":"application"}
2020-04-11 23:45:06,556 INFO 5869 [egg-multipart] stream mode enable
2020-04-11 23:45:06,690 INFO 5869 [egg-static] starting static serve /public/ -> /Users/tianjing/Desktop/courses/笔记/22课 egg实战 （2019.6.25）/egg-server-pra/app/public
2020-04-11 23:45:06,695 INFO 5869 [egg-security] use methodnoallow middleware
2020-04-11 23:45:06,697 INFO 5869 [egg-security] use noopen middleware
2020-04-11 23:45:06,699 INFO 5869 [egg-security] use nosniff middleware
2020-04-11 23:45:06,700 INFO 5869 [egg-security] use xssProtection middleware
2020-04-11 23:45:06,701 INFO 5869 [egg-security] use xframe middleware
2020-04-11 23:45:06,702 INFO 5869 [egg-security] use dta middleware
2020-04-11 23:45:06,702 INFO 5869 [egg-security] compose 6 middlewares into one security middleware
2020-04-11 23:45:06,720 INFO 5869 [egg:core] dump config after load, 9ms
2020-04-11 23:45:06,821 INFO 5869 [egg-watcher:application] watcher start success
2020-04-11 23:45:06,833 INFO 5869 [egg:core] dump config after ready, 9ms
2020-04-11 23:45:23,444 INFO 5872 [egg:logger] init all loggers with options: {"dir":"/Users/tianjing/Desktop/courses/笔记/22课 egg实战 （2019.6.25）/egg-server-pra/logs/egg-server","encoding":"utf8","env":"local","level":"INFO","consoleLevel":"INFO","disableConsoleAfterReady":false,"outputJSON":false,"buffer":true,"appLogName":"egg-server-web.log","coreLogName":"egg-web.log","agentLogName":"egg-agent.log","errorLogName":"common-error.log","coreLogger":{"consoleLevel":"WARN"},"allowDebugAtProd":false,"type":"application"}
2020-04-11 23:45:23,485 INFO 5872 [egg-multipart] stream mode enable
2020-04-11 23:45:23,531 INFO 5872 [egg-static] starting static serve /public/ -> /Users/tianjing/Desktop/courses/笔记/22课 egg实战 （2019.6.25）/egg-server-pra/app/public
2020-04-11 23:45:23,534 INFO 5872 [egg-security] use methodnoallow middleware
2020-04-11 23:45:23,535 INFO 5872 [egg-security] use noopen middleware
2020-04-11 23:45:23,535 INFO 5872 [egg-security] use nosniff middleware
2020-04-11 23:45:23,536 INFO 5872 [egg-security] use xssProtection middleware
2020-04-11 23:45:23,536 INFO 5872 [egg-security] use xframe middleware
2020-04-11 23:45:23,537 INFO 5872 [egg-security] use dta middleware
2020-04-11 23:45:23,537 INFO 5872 [egg-security] compose 6 middlewares into one security middleware
2020-04-11 23:45:23,550 INFO 5872 [egg:core] dump config after load, 6ms
2020-04-11 23:45:23,621 INFO 5872 [egg-watcher:application] watcher start success
2020-04-11 23:45:23,635 INFO 5872 [egg:core] dump config after ready, 9ms
2020-04-11 23:45:25,019 INFO 5873 [egg:logger] init all loggers with options: {"dir":"/Users/tianjing/Desktop/courses/笔记/22课 egg实战 （2019.6.25）/egg-server-pra/logs/egg-server","encoding":"utf8","env":"local","level":"INFO","consoleLevel":"INFO","disableConsoleAfterReady":false,"outputJSON":false,"buffer":true,"appLogName":"egg-server-web.log","coreLogName":"egg-web.log","agentLogName":"egg-agent.log","errorLogName":"common-error.log","coreLogger":{"consoleLevel":"WARN"},"allowDebugAtProd":false,"type":"application"}
2020-04-11 23:45:25,054 INFO 5873 [egg-multipart] stream mode enable
2020-04-11 23:45:25,101 INFO 5873 [egg-static] starting static serve /public/ -> /Users/tianjing/Desktop/courses/笔记/22课 egg实战 （2019.6.25）/egg-server-pra/app/public
2020-04-11 23:45:25,103 INFO 5873 [egg-security] use methodnoallow middleware
2020-04-11 23:45:25,104 INFO 5873 [egg-security] use noopen middleware
2020-04-11 23:45:25,104 INFO 5873 [egg-security] use nosniff middleware
2020-04-11 23:45:25,105 INFO 5873 [egg-security] use xssProtection middleware
2020-04-11 23:45:25,105 INFO 5873 [egg-security] use xframe middleware
2020-04-11 23:45:25,105 INFO 5873 [egg-security] use dta middleware
2020-04-11 23:45:25,106 INFO 5873 [egg-security] compose 6 middlewares into one security middleware
2020-04-11 23:45:25,116 INFO 5873 [egg:core] dump config after load, 6ms
2020-04-11 23:45:25,216 INFO 5873 [egg-watcher:application] watcher start success
2020-04-11 23:45:25,236 INFO 5873 [egg:core] dump config after ready, 17ms
2020-04-11 23:45:30,200 INFO 5874 [egg:logger] init all loggers with options: {"dir":"/Users/tianjing/Desktop/courses/笔记/22课 egg实战 （2019.6.25）/egg-server-pra/logs/egg-server","encoding":"utf8","env":"local","level":"INFO","consoleLevel":"INFO","disableConsoleAfterReady":false,"outputJSON":false,"buffer":true,"appLogName":"egg-server-web.log","coreLogName":"egg-web.log","agentLogName":"egg-agent.log","errorLogName":"common-error.log","coreLogger":{"consoleLevel":"WARN"},"allowDebugAtProd":false,"type":"application"}
2020-04-11 23:45:30,244 INFO 5874 [egg-multipart] stream mode enable
2020-04-11 23:45:30,297 INFO 5874 [egg-static] starting static serve /public/ -> /Users/tianjing/Desktop/courses/笔记/22课 egg实战 （2019.6.25）/egg-server-pra/app/public
2020-04-11 23:45:30,299 INFO 5874 [egg-security] use methodnoallow middleware
2020-04-11 23:45:30,300 INFO 5874 [egg-security] use noopen middleware
2020-04-11 23:45:30,301 INFO 5874 [egg-security] use nosniff middleware
2020-04-11 23:45:30,301 INFO 5874 [egg-security] use xssProtection middleware
2020-04-11 23:45:30,301 INFO 5874 [egg-security] use xframe middleware
2020-04-11 23:45:30,302 INFO 5874 [egg-security] use dta middleware
2020-04-11 23:45:30,302 INFO 5874 [egg-security] compose 6 middlewares into one security middleware
2020-04-11 23:45:30,313 INFO 5874 [egg:core] dump config after load, 7ms
2020-04-11 23:45:30,379 INFO 5874 [egg-watcher:application] watcher start success
2020-04-11 23:45:30,390 INFO 5874 [egg:core] dump config after ready, 9ms
2020-04-11 23:45:31,734 INFO 5875 [egg:logger] init all loggers with options: {"dir":"/Users/tianjing/Desktop/courses/笔记/22课 egg实战 （2019.6.25）/egg-server-pra/logs/egg-server","encoding":"utf8","env":"local","level":"INFO","consoleLevel":"INFO","disableConsoleAfterReady":false,"outputJSON":false,"buffer":true,"appLogName":"egg-server-web.log","coreLogName":"egg-web.log","agentLogName":"egg-agent.log","errorLogName":"common-error.log","coreLogger":{"consoleLevel":"WARN"},"allowDebugAtProd":false,"type":"application"}
2020-04-11 23:45:31,779 INFO 5875 [egg-multipart] stream mode enable
2020-04-11 23:45:31,831 INFO 5875 [egg-static] starting static serve /public/ -> /Users/tianjing/Desktop/courses/笔记/22课 egg实战 （2019.6.25）/egg-server-pra/app/public
2020-04-11 23:45:31,833 INFO 5875 [egg-security] use methodnoallow middleware
2020-04-11 23:45:31,834 INFO 5875 [egg-security] use noopen middleware
2020-04-11 23:45:31,835 INFO 5875 [egg-security] use nosniff middleware
2020-04-11 23:45:31,835 INFO 5875 [egg-security] use xssProtection middleware
2020-04-11 23:45:31,835 INFO 5875 [egg-security] use xframe middleware
2020-04-11 23:45:31,836 INFO 5875 [egg-security] use dta middleware
2020-04-11 23:45:31,836 INFO 5875 [egg-security] compose 6 middlewares into one security middleware
2020-04-11 23:45:31,857 INFO 5875 [egg:core] dump config after load, 13ms
2020-04-11 23:45:31,956 INFO 5875 [egg-watcher:application] watcher start success
2020-04-11 23:45:31,966 INFO 5875 [egg:core] dump config after ready, 8ms
2020-04-11 23:45:34,014 INFO 5876 [egg:logger] init all loggers with options: {"dir":"/Users/tianjing/Desktop/courses/笔记/22课 egg实战 （2019.6.25）/egg-server-pra/logs/egg-server","encoding":"utf8","env":"local","level":"INFO","consoleLevel":"INFO","disableConsoleAfterReady":false,"outputJSON":false,"buffer":true,"appLogName":"egg-server-web.log","coreLogName":"egg-web.log","agentLogName":"egg-agent.log","errorLogName":"common-error.log","coreLogger":{"consoleLevel":"WARN"},"allowDebugAtProd":false,"type":"application"}
2020-04-11 23:45:34,083 INFO 5876 [egg-multipart] stream mode enable
2020-04-11 23:45:34,185 INFO 5876 [egg-static] starting static serve /public/ -> /Users/tianjing/Desktop/courses/笔记/22课 egg实战 （2019.6.25）/egg-server-pra/app/public
2020-04-11 23:45:34,190 INFO 5876 [egg-security] use methodnoallow middleware
2020-04-11 23:45:34,190 INFO 5876 [egg-security] use noopen middleware
2020-04-11 23:45:34,192 INFO 5876 [egg-security] use nosniff middleware
2020-04-11 23:45:34,194 INFO 5876 [egg-security] use xssProtection middleware
2020-04-11 23:45:34,195 INFO 5876 [egg-security] use xframe middleware
2020-04-11 23:45:34,198 INFO 5876 [egg-security] use dta middleware
2020-04-11 23:45:34,198 INFO 5876 [egg-security] compose 6 middlewares into one security middleware
2020-04-11 23:45:34,212 INFO 5876 [egg:core] dump config after load, 9ms
2020-04-11 23:45:34,353 INFO 5876 [egg-watcher:application] watcher start success
2020-04-11 23:45:34,375 INFO 5876 [egg:core] dump config after ready, 19ms
2020-04-11 23:47:39,821 INFO 5890 [egg:logger] init all loggers with options: {"dir":"/Users/tianjing/Desktop/courses/笔记/22课 egg实战 （2019.6.25）/egg-server-pra/logs/egg-server","encoding":"utf8","env":"local","level":"INFO","consoleLevel":"INFO","disableConsoleAfterReady":false,"outputJSON":false,"buffer":true,"appLogName":"egg-server-web.log","coreLogName":"egg-web.log","agentLogName":"egg-agent.log","errorLogName":"common-error.log","coreLogger":{"consoleLevel":"WARN"},"allowDebugAtProd":false,"type":"application"}
2020-04-11 23:47:39,863 INFO 5890 [egg-multipart] stream mode enable
2020-04-11 23:47:39,983 INFO 5890 [egg-static] starting static serve /public/ -> /Users/tianjing/Desktop/courses/笔记/22课 egg实战 （2019.6.25）/egg-server-pra/app/public
2020-04-11 23:47:39,988 INFO 5890 [egg-security] use methodnoallow middleware
2020-04-11 23:47:39,990 INFO 5890 [egg-security] use noopen middleware
2020-04-11 23:47:39,991 INFO 5890 [egg-security] use nosniff middleware
2020-04-11 23:47:39,992 INFO 5890 [egg-security] use xssProtection middleware
2020-04-11 23:47:39,994 INFO 5890 [egg-security] use xframe middleware
2020-04-11 23:47:39,995 INFO 5890 [egg-security] use dta middleware
2020-04-11 23:47:39,995 INFO 5890 [egg-security] compose 6 middlewares into one security middleware
2020-04-11 23:47:40,015 INFO 5890 [egg:core] dump config after load, 10ms
2020-04-11 23:47:40,099 INFO 5890 [egg-watcher:application] watcher start success
2020-04-11 23:47:40,111 INFO 5890 [egg:core] dump config after ready, 10ms
2020-04-11 23:47:41,154 INFO 5891 [egg:logger] init all loggers with options: {"dir":"/Users/tianjing/Desktop/courses/笔记/22课 egg实战 （2019.6.25）/egg-server-pra/logs/egg-server","encoding":"utf8","env":"local","level":"INFO","consoleLevel":"INFO","disableConsoleAfterReady":false,"outputJSON":false,"buffer":true,"appLogName":"egg-server-web.log","coreLogName":"egg-web.log","agentLogName":"egg-agent.log","errorLogName":"common-error.log","coreLogger":{"consoleLevel":"WARN"},"allowDebugAtProd":false,"type":"application"}
2020-04-11 23:47:41,197 INFO 5891 [egg-multipart] stream mode enable
2020-04-11 23:47:41,254 INFO 5891 [egg-static] starting static serve /public/ -> /Users/tianjing/Desktop/courses/笔记/22课 egg实战 （2019.6.25）/egg-server-pra/app/public
2020-04-11 23:47:41,256 INFO 5891 [egg-security] use methodnoallow middleware
2020-04-11 23:47:41,257 INFO 5891 [egg-security] use noopen middleware
2020-04-11 23:47:41,258 INFO 5891 [egg-security] use nosniff middleware
2020-04-11 23:47:41,258 INFO 5891 [egg-security] use xssProtection middleware
2020-04-11 23:47:41,258 INFO 5891 [egg-security] use xframe middleware
2020-04-11 23:47:41,259 INFO 5891 [egg-security] use dta middleware
2020-04-11 23:47:41,259 INFO 5891 [egg-security] compose 6 middlewares into one security middleware
2020-04-11 23:47:41,272 INFO 5891 [egg:core] dump config after load, 7ms
2020-04-11 23:47:41,344 INFO 5891 [egg-watcher:application] watcher start success
2020-04-11 23:47:42,084 INFO 5892 [egg:logger] init all loggers with options: {"dir":"/Users/tianjing/Desktop/courses/笔记/22课 egg实战 （2019.6.25）/egg-server-pra/logs/egg-server","encoding":"utf8","env":"local","level":"INFO","consoleLevel":"INFO","disableConsoleAfterReady":false,"outputJSON":false,"buffer":true,"appLogName":"egg-server-web.log","coreLogName":"egg-web.log","agentLogName":"egg-agent.log","errorLogName":"common-error.log","coreLogger":{"consoleLevel":"WARN"},"allowDebugAtProd":false,"type":"application"}
2020-04-11 23:47:42,113 INFO 5892 [egg-multipart] stream mode enable
2020-04-11 23:47:42,167 INFO 5892 [egg-static] starting static serve /public/ -> /Users/tianjing/Desktop/courses/笔记/22课 egg实战 （2019.6.25）/egg-server-pra/app/public
2020-04-11 23:47:42,170 INFO 5892 [egg-security] use methodnoallow middleware
2020-04-11 23:47:42,170 INFO 5892 [egg-security] use noopen middleware
2020-04-11 23:47:42,171 INFO 5892 [egg-security] use nosniff middleware
2020-04-11 23:47:42,171 INFO 5892 [egg-security] use xssProtection middleware
2020-04-11 23:47:42,172 INFO 5892 [egg-security] use xframe middleware
2020-04-11 23:47:42,172 INFO 5892 [egg-security] use dta middleware
2020-04-11 23:47:42,172 INFO 5892 [egg-security] compose 6 middlewares into one security middleware
2020-04-11 23:47:42,182 INFO 5892 [egg:core] dump config after load, 6ms
2020-04-11 23:47:42,240 INFO 5892 [egg-watcher:application] watcher start success
2020-04-11 23:47:42,250 INFO 5892 [egg:core] dump config after ready, 8ms
2020-04-11 23:47:47,277 INFO 5896 [egg:logger] init all loggers with options: {"dir":"/Users/tianjing/Desktop/courses/笔记/22课 egg实战 （2019.6.25）/egg-server-pra/logs/egg-server","encoding":"utf8","env":"local","level":"INFO","consoleLevel":"INFO","disableConsoleAfterReady":false,"outputJSON":false,"buffer":true,"appLogName":"egg-server-web.log","coreLogName":"egg-web.log","agentLogName":"egg-agent.log","errorLogName":"common-error.log","coreLogger":{"consoleLevel":"WARN"},"allowDebugAtProd":false,"type":"application"}
2020-04-11 23:47:47,304 INFO 5896 [egg-multipart] stream mode enable
2020-04-11 23:47:47,341 INFO 5896 [egg-static] starting static serve /public/ -> /Users/tianjing/Desktop/courses/笔记/22课 egg实战 （2019.6.25）/egg-server-pra/app/public
2020-04-11 23:47:47,343 INFO 5896 [egg-security] use methodnoallow middleware
2020-04-11 23:47:47,343 INFO 5896 [egg-security] use noopen middleware
2020-04-11 23:47:47,344 INFO 5896 [egg-security] use nosniff middleware
2020-04-11 23:47:47,344 INFO 5896 [egg-security] use xssProtection middleware
2020-04-11 23:47:47,344 INFO 5896 [egg-security] use xframe middleware
2020-04-11 23:47:47,345 INFO 5896 [egg-security] use dta middleware
2020-04-11 23:47:47,345 INFO 5896 [egg-security] compose 6 middlewares into one security middleware
2020-04-11 23:47:47,354 INFO 5896 [egg:core] dump config after load, 6ms
2020-04-11 23:47:47,411 INFO 5896 [egg-watcher:application] watcher start success
2020-04-11 23:47:47,426 INFO 5896 [egg:core] dump config after ready, 9ms
2020-04-11 23:49:44,317 INFO 5905 [egg:logger] init all loggers with options: {"dir":"/Users/tianjing/Desktop/courses/笔记/22课 egg实战 （2019.6.25）/egg-server-pra/logs/egg-server","encoding":"utf8","env":"local","level":"INFO","consoleLevel":"INFO","disableConsoleAfterReady":false,"outputJSON":false,"buffer":true,"appLogName":"egg-server-web.log","coreLogName":"egg-web.log","agentLogName":"egg-agent.log","errorLogName":"common-error.log","coreLogger":{"consoleLevel":"WARN"},"allowDebugAtProd":false,"type":"application"}
2020-04-11 23:49:44,365 INFO 5905 [egg-multipart] stream mode enable
2020-04-11 23:49:44,505 INFO 5905 [egg-static] starting static serve /public/ -> /Users/tianjing/Desktop/courses/笔记/22课 egg实战 （2019.6.25）/egg-server-pra/app/public
2020-04-11 23:49:44,509 INFO 5905 [egg-security] use methodnoallow middleware
2020-04-11 23:49:44,511 INFO 5905 [egg-security] use noopen middleware
2020-04-11 23:49:44,513 INFO 5905 [egg-security] use nosniff middleware
2020-04-11 23:49:44,515 INFO 5905 [egg-security] use xssProtection middleware
2020-04-11 23:49:44,517 INFO 5905 [egg-security] use xframe middleware
2020-04-11 23:49:44,518 INFO 5905 [egg-security] use dta middleware
2020-04-11 23:49:44,519 INFO 5905 [egg-security] compose 6 middlewares into one security middleware
2020-04-11 23:49:44,532 INFO 5905 [egg:core] dump config after load, 6ms
2020-04-11 23:49:44,622 INFO 5905 [egg-watcher:application] watcher start success
2020-04-11 23:49:44,632 INFO 5905 [egg:core] dump config after ready, 6ms
2020-04-11 23:51:05,495 INFO 5908 [egg:logger] init all loggers with options: {"dir":"/Users/tianjing/Desktop/courses/笔记/22课 egg实战 （2019.6.25）/egg-server-pra/logs/egg-server","encoding":"utf8","env":"local","level":"INFO","consoleLevel":"INFO","disableConsoleAfterReady":false,"outputJSON":false,"buffer":true,"appLogName":"egg-server-web.log","coreLogName":"egg-web.log","agentLogName":"egg-agent.log","errorLogName":"common-error.log","coreLogger":{"consoleLevel":"WARN"},"allowDebugAtProd":false,"type":"application"}
2020-04-11 23:51:05,543 INFO 5908 [egg-multipart] stream mode enable
2020-04-11 23:51:05,667 INFO 5908 [egg-static] starting static serve /public/ -> /Users/tianjing/Desktop/courses/笔记/22课 egg实战 （2019.6.25）/egg-server-pra/app/public
2020-04-11 23:51:05,672 INFO 5908 [egg-security] use methodnoallow middleware
2020-04-11 23:51:05,673 INFO 5908 [egg-security] use noopen middleware
2020-04-11 23:51:05,675 INFO 5908 [egg-security] use nosniff middleware
2020-04-11 23:51:05,677 INFO 5908 [egg-security] use xssProtection middleware
2020-04-11 23:51:05,678 INFO 5908 [egg-security] use xframe middleware
2020-04-11 23:51:05,680 INFO 5908 [egg-security] use dta middleware
2020-04-11 23:51:05,680 INFO 5908 [egg-security] compose 6 middlewares into one security middleware
2020-04-11 23:51:05,707 INFO 5908 [egg:core] dump config after load, 16ms
2020-04-11 23:51:05,793 INFO 5908 [egg-watcher:application] watcher start success
2020-04-11 23:51:05,802 INFO 5908 [egg:core] dump config after ready, 7ms
2020-04-11 23:51:08,424 INFO 5912 [egg:logger] init all loggers with options: {"dir":"/Users/tianjing/Desktop/courses/笔记/22课 egg实战 （2019.6.25）/egg-server-pra/logs/egg-server","encoding":"utf8","env":"local","level":"INFO","consoleLevel":"INFO","disableConsoleAfterReady":false,"outputJSON":false,"buffer":true,"appLogName":"egg-server-web.log","coreLogName":"egg-web.log","agentLogName":"egg-agent.log","errorLogName":"common-error.log","coreLogger":{"consoleLevel":"WARN"},"allowDebugAtProd":false,"type":"application"}
2020-04-11 23:51:08,452 INFO 5912 [egg-multipart] stream mode enable
2020-04-11 23:51:08,487 INFO 5912 [egg-static] starting static serve /public/ -> /Users/tianjing/Desktop/courses/笔记/22课 egg实战 （2019.6.25）/egg-server-pra/app/public
2020-04-11 23:51:08,489 INFO 5912 [egg-security] use methodnoallow middleware
2020-04-11 23:51:08,490 INFO 5912 [egg-security] use noopen middleware
2020-04-11 23:51:08,490 INFO 5912 [egg-security] use nosniff middleware
2020-04-11 23:51:08,491 INFO 5912 [egg-security] use xssProtection middleware
2020-04-11 23:51:08,491 INFO 5912 [egg-security] use xframe middleware
2020-04-11 23:51:08,491 INFO 5912 [egg-security] use dta middleware
2020-04-11 23:51:08,491 INFO 5912 [egg-security] compose 6 middlewares into one security middleware
2020-04-11 23:51:08,499 INFO 5912 [egg:core] dump config after load, 4ms
2020-04-11 23:51:08,559 INFO 5912 [egg-watcher:application] watcher start success
2020-04-11 23:51:08,567 INFO 5912 [egg:core] dump config after ready, 6ms
2020-04-11 23:51:10,576 INFO 5913 [egg:logger] init all loggers with options: {"dir":"/Users/tianjing/Desktop/courses/笔记/22课 egg实战 （2019.6.25）/egg-server-pra/logs/egg-server","encoding":"utf8","env":"local","level":"INFO","consoleLevel":"INFO","disableConsoleAfterReady":false,"outputJSON":false,"buffer":true,"appLogName":"egg-server-web.log","coreLogName":"egg-web.log","agentLogName":"egg-agent.log","errorLogName":"common-error.log","coreLogger":{"consoleLevel":"WARN"},"allowDebugAtProd":false,"type":"application"}
2020-04-11 23:51:10,610 INFO 5913 [egg-multipart] stream mode enable
2020-04-11 23:51:10,657 INFO 5913 [egg-static] starting static serve /public/ -> /Users/tianjing/Desktop/courses/笔记/22课 egg实战 （2019.6.25）/egg-server-pra/app/public
2020-04-11 23:51:10,659 INFO 5913 [egg-security] use methodnoallow middleware
2020-04-11 23:51:10,660 INFO 5913 [egg-security] use noopen middleware
2020-04-11 23:51:10,660 INFO 5913 [egg-security] use nosniff middleware
2020-04-11 23:51:10,660 INFO 5913 [egg-security] use xssProtection middleware
2020-04-11 23:51:10,661 INFO 5913 [egg-security] use xframe middleware
2020-04-11 23:51:10,661 INFO 5913 [egg-security] use dta middleware
2020-04-11 23:51:10,661 INFO 5913 [egg-security] compose 6 middlewares into one security middleware
2020-04-11 23:51:10,672 INFO 5913 [egg:core] dump config after load, 7ms
2020-04-11 23:51:10,739 INFO 5913 [egg-watcher:application] watcher start success
2020-04-11 23:51:10,750 INFO 5913 [egg:core] dump config after ready, 6ms
2020-04-11 23:51:15,314 INFO 5914 [egg:logger] init all loggers with options: {"dir":"/Users/tianjing/Desktop/courses/笔记/22课 egg实战 （2019.6.25）/egg-server-pra/logs/egg-server","encoding":"utf8","env":"local","level":"INFO","consoleLevel":"INFO","disableConsoleAfterReady":false,"outputJSON":false,"buffer":true,"appLogName":"egg-server-web.log","coreLogName":"egg-web.log","agentLogName":"egg-agent.log","errorLogName":"common-error.log","coreLogger":{"consoleLevel":"WARN"},"allowDebugAtProd":false,"type":"application"}
2020-04-11 23:51:15,344 INFO 5914 [egg-multipart] stream mode enable
2020-04-11 23:51:15,381 INFO 5914 [egg-static] starting static serve /public/ -> /Users/tianjing/Desktop/courses/笔记/22课 egg实战 （2019.6.25）/egg-server-pra/app/public
2020-04-11 23:51:15,385 INFO 5914 [egg-security] use methodnoallow middleware
2020-04-11 23:51:15,385 INFO 5914 [egg-security] use noopen middleware
2020-04-11 23:51:15,386 INFO 5914 [egg-security] use nosniff middleware
2020-04-11 23:51:15,387 INFO 5914 [egg-security] use xssProtection middleware
2020-04-11 23:51:15,387 INFO 5914 [egg-security] use xframe middleware
2020-04-11 23:51:15,388 INFO 5914 [egg-security] use dta middleware
2020-04-11 23:51:15,388 INFO 5914 [egg-security] compose 6 middlewares into one security middleware
2020-04-11 23:51:15,396 INFO 5914 [egg:core] dump config after load, 4ms
2020-04-11 23:51:15,470 INFO 5914 [egg-watcher:application] watcher start success
2020-04-11 23:51:15,483 INFO 5914 [egg:core] dump config after ready, 11ms
2020-04-12 00:00:00,046 INFO 5914 [egg-logrotator] clean all log before 31 days
2020-04-12 00:00:01,040 INFO 5914 [egg-logrotator] broadcast log-reload
2020-04-12 00:00:01,040 INFO 5914 [egg-logrotator] rotate files success by DayRotator, files ["/Users/tianjing/Desktop/courses/笔记/22课 egg实战 （2019.6.25）/egg-server-pra/logs/egg-server/common-error.log -> /Users/tianjing/Desktop/courses/笔记/22课 egg实战 （2019.6.25）/egg-server-pra/logs/egg-server/common-error.log.2020-04-11","/Users/tianjing/Desktop/courses/笔记/22课 egg实战 （2019.6.25）/egg-server-pra/logs/egg-server/egg-server-web.log -> /Users/tianjing/Desktop/courses/笔记/22课 egg实战 （2019.6.25）/egg-server-pra/logs/egg-server/egg-server-web.log.2020-04-11","/Users/tianjing/Desktop/courses/笔记/22课 egg实战 （2019.6.25）/egg-server-pra/logs/egg-server/egg-web.log -> /Users/tianjing/Desktop/courses/笔记/22课 egg实战 （2019.6.25）/egg-server-pra/logs/egg-server/egg-web.log.2020-04-11","/Users/tianjing/Desktop/courses/笔记/22课 egg实战 （2019.6.25）/egg-server-pra/logs/egg-server/egg-schedule.log -> /Users/tianjing/Desktop/courses/笔记/22课 egg实战 （2019.6.25）/egg-server-pra/logs/egg-server/egg-schedule.log.2020-04-11","/Users/tianjing/Desktop/courses/笔记/22课 egg实战 （2019.6.25）/egg-server-pra/logs/egg-server/egg-agent.log -> /Users/tianjing/Desktop/courses/笔记/22课 egg实战 （2019.6.25）/egg-server-pra/logs/egg-server/egg-agent.log.2020-04-11"]
2020-04-12 00:13:07,583 INFO 6061 [egg:logger] init all loggers with options: {"dir":"/Users/tianjing/Desktop/courses/笔记/22课 egg实战 （2019.6.25）/egg-server-prac/logs/egg-server","encoding":"utf8","env":"local","level":"INFO","consoleLevel":"INFO","disableConsoleAfterReady":false,"outputJSON":false,"buffer":true,"appLogName":"egg-server-web.log","coreLogName":"egg-web.log","agentLogName":"egg-agent.log","errorLogName":"common-error.log","coreLogger":{"consoleLevel":"WARN"},"allowDebugAtProd":false,"type":"application"}
2020-04-12 00:13:07,614 INFO 6061 [egg-multipart] stream mode enable
2020-04-12 00:13:08,085 INFO 6061 [egg-mongoose] connecting mongodb://47.94.208.76:27017/test
2020-04-12 00:13:08,186 INFO 6061 [egg-static] starting static serve /public/ -> /Users/tianjing/Desktop/courses/笔记/22课 egg实战 （2019.6.25）/egg-server-prac/app/public
2020-04-12 00:13:08,191 INFO 6061 [egg-security] use methodnoallow middleware
2020-04-12 00:13:08,192 INFO 6061 [egg-security] use noopen middleware
2020-04-12 00:13:08,193 INFO 6061 [egg-security] use nosniff middleware
2020-04-12 00:13:08,195 INFO 6061 [egg-security] use xssProtection middleware
2020-04-12 00:13:08,196 INFO 6061 [egg-security] use xframe middleware
2020-04-12 00:13:08,198 INFO 6061 [egg-security] use dta middleware
2020-04-12 00:13:08,198 INFO 6061 [egg-security] compose 6 middlewares into one security middleware
2020-04-12 00:13:08,212 INFO 6061 [egg:core] dump config after load, 7ms
2020-04-12 00:13:08,280 INFO 6061 [egg-mongoose] starting...
2020-04-12 00:13:08,304 INFO 6061 [egg-watcher:application] watcher start success
2020-04-12 00:13:08,386 INFO 6061 [egg-mongoose] mongodb://47.94.208.76:27017/test connected successfully
2020-04-12 00:13:08,386 INFO 6061 [egg-mongoose] instance[0] start successfully
2020-04-12 00:13:08,395 INFO 6061 [egg:core] dump config after ready, 6ms
2020-04-12 00:17:24,781 INFO 6172 [egg:logger] init all loggers with options: {"dir":"/Users/tianjing/Desktop/courses/笔记/22课 egg实战 （2019.6.25）/egg-server-prac/logs/egg-server","encoding":"utf8","env":"local","level":"INFO","consoleLevel":"INFO","disableConsoleAfterReady":false,"outputJSON":false,"buffer":true,"appLogName":"egg-server-web.log","coreLogName":"egg-web.log","agentLogName":"egg-agent.log","errorLogName":"common-error.log","coreLogger":{"consoleLevel":"WARN"},"allowDebugAtProd":false,"type":"application"}
2020-04-12 00:17:24,827 INFO 6172 [egg-multipart] stream mode enable
2020-04-12 00:17:25,359 INFO 6172 [egg-mongoose] connecting mongodb://47.94.208.76:27017/test
2020-04-12 00:17:25,507 INFO 6172 [egg-static] starting static serve /public/ -> /Users/tianjing/Desktop/courses/笔记/22课 egg实战 （2019.6.25）/egg-server-prac/app/public
2020-04-12 00:17:25,512 INFO 6172 [egg-security] use methodnoallow middleware
2020-04-12 00:17:25,514 INFO 6172 [egg-security] use noopen middleware
2020-04-12 00:17:25,516 INFO 6172 [egg-security] use nosniff middleware
2020-04-12 00:17:25,518 INFO 6172 [egg-security] use xssProtection middleware
2020-04-12 00:17:25,519 INFO 6172 [egg-security] use xframe middleware
2020-04-12 00:17:25,521 INFO 6172 [egg-security] use dta middleware
2020-04-12 00:17:25,521 INFO 6172 [egg-security] compose 6 middlewares into one security middleware
2020-04-12 00:17:25,540 INFO 6172 [egg:core] dump config after load, 12ms
2020-04-12 00:17:25,606 INFO 6172 [egg-mongoose] starting...
2020-04-12 00:17:25,621 INFO 6172 [egg-watcher:application] watcher start success
2020-04-12 00:17:25,892 INFO 6172 [egg-mongoose] mongodb://47.94.208.76:27017/test connected successfully
2020-04-12 00:17:25,893 INFO 6172 [egg-mongoose] instance[0] start successfully
2020-04-12 00:17:25,908 INFO 6172 [egg:core] dump config after ready, 10ms
2020-04-12 00:18:05,546 INFO 6183 [egg:logger] init all loggers with options: {"dir":"/Users/tianjing/Desktop/courses/笔记/22课 egg实战 （2019.6.25）/egg-server-prac/logs/egg-server","encoding":"utf8","env":"local","level":"INFO","consoleLevel":"INFO","disableConsoleAfterReady":false,"outputJSON":false,"buffer":true,"appLogName":"egg-server-web.log","coreLogName":"egg-web.log","agentLogName":"egg-agent.log","errorLogName":"common-error.log","coreLogger":{"consoleLevel":"WARN"},"allowDebugAtProd":false,"type":"application"}
2020-04-12 00:18:05,574 INFO 6183 [egg-multipart] stream mode enable
2020-04-12 00:18:05,797 INFO 6183 [egg-mongoose] connecting mongodb://47.94.208.76:27017/test
2020-04-12 00:18:05,908 INFO 6183 [egg-static] starting static serve /public/ -> /Users/tianjing/Desktop/courses/笔记/22课 egg实战 （2019.6.25）/egg-server-prac/app/public
2020-04-12 00:18:05,914 INFO 6183 [egg-security] use methodnoallow middleware
2020-04-12 00:18:05,915 INFO 6183 [egg-security] use noopen middleware
2020-04-12 00:18:05,916 INFO 6183 [egg-security] use nosniff middleware
2020-04-12 00:18:05,917 INFO 6183 [egg-security] use xssProtection middleware
2020-04-12 00:18:05,918 INFO 6183 [egg-security] use xframe middleware
2020-04-12 00:18:05,919 INFO 6183 [egg-security] use dta middleware
2020-04-12 00:18:05,919 INFO 6183 [egg-security] compose 6 middlewares into one security middleware
2020-04-12 00:18:05,949 INFO 6183 [egg:core] dump config after load, 18ms
2020-04-12 00:18:06,031 INFO 6183 [egg-mongoose] starting...
2020-04-12 00:18:06,049 INFO 6183 [egg-watcher:application] watcher start success
2020-04-12 00:18:06,124 INFO 6183 [egg-mongoose] mongodb://47.94.208.76:27017/test connected successfully
2020-04-12 00:18:06,125 INFO 6183 [egg-mongoose] instance[0] start successfully
2020-04-12 00:18:06,144 INFO 6183 [egg:core] dump config after ready, 12ms
2020-04-12 22:09:42,157 INFO 10495 [egg:logger] init all loggers with options: {"dir":"/Users/tianjing/Desktop/courses/笔记/22课 egg实战 （2019.6.25）/egg-server-prac/logs/egg-server","encoding":"utf8","env":"local","level":"INFO","consoleLevel":"INFO","disableConsoleAfterReady":false,"outputJSON":false,"buffer":true,"appLogName":"egg-server-web.log","coreLogName":"egg-web.log","agentLogName":"egg-agent.log","errorLogName":"common-error.log","coreLogger":{"consoleLevel":"WARN"},"allowDebugAtProd":false,"type":"application"}
2020-04-12 22:09:42,213 INFO 10495 [egg-multipart] stream mode enable
2020-04-12 22:09:43,494 INFO 10495 [egg-mongoose] connecting mongodb://47.94.208.76:27017/test
2020-04-12 22:09:43,673 INFO 10495 [egg-static] starting static serve /public/ -> /Users/tianjing/Desktop/courses/笔记/22课 egg实战 （2019.6.25）/egg-server-prac/app/public
2020-04-12 22:09:43,676 INFO 10495 [egg-security] use methodnoallow middleware
2020-04-12 22:09:43,677 INFO 10495 [egg-security] use noopen middleware
2020-04-12 22:09:43,679 INFO 10495 [egg-security] use nosniff middleware
2020-04-12 22:09:43,680 INFO 10495 [egg-security] use xssProtection middleware
2020-04-12 22:09:43,681 INFO 10495 [egg-security] use xframe middleware
2020-04-12 22:09:43,682 INFO 10495 [egg-security] use dta middleware
2020-04-12 22:09:43,682 INFO 10495 [egg-security] compose 6 middlewares into one security middleware
2020-04-12 22:09:43,698 INFO 10495 [egg:core] dump config after load, 8ms
2020-04-12 22:09:43,763 INFO 10495 [egg-mongoose] starting...
2020-04-12 22:09:43,836 INFO 10495 [egg-watcher:application] watcher start success
2020-04-12 22:09:43,872 INFO 10495 [egg-mongoose] mongodb://47.94.208.76:27017/test connected successfully
2020-04-12 22:09:43,880 INFO 10495 [egg-mongoose] instance[0] start successfully
2020-04-12 22:09:43,890 INFO 10495 [egg:core] dump config after ready, 8ms
